[2025-07-15 13:06:36,646 | root | INFO]: Daemon process with PID: 16704
[2025-07-15 13:06:36,648 | root | INFO]: Daemon listening on 127.0.0.1:21201
[2025-07-15 13:06:39,651 | root | INFO]: Running target function target
[2025-07-15 13:06:39,651 | root | INFO]: Arguments: ()
[2025-07-15 13:06:39,651 | root | INFO]: Keyword arguments: {}
[2025-07-15 13:06:39,651 | root | INFO]: Target function is running

[2025-07-15 13:06:42,655 | root | INFO]: Running target function target
[2025-07-15 13:06:42,655 | root | INFO]: Arguments: ()
[2025-07-15 13:06:42,655 | root | INFO]: Keyword arguments: {}
[2025-07-15 13:06:42,655 | root | INFO]: Target function is running

[2025-07-15 13:06:45,675 | root | INFO]: Running target function target
[2025-07-15 13:06:45,675 | root | INFO]: Arguments: ()
[2025-07-15 13:06:45,675 | root | INFO]: Keyword arguments: {}
[2025-07-15 13:06:45,675 | root | INFO]: Target function is running

[2025-07-15 13:06:48,677 | root | INFO]: Running target function target
[2025-07-15 13:06:48,677 | root | INFO]: Arguments: ()
[2025-07-15 13:06:48,677 | root | INFO]: Keyword arguments: {}
[2025-07-15 13:06:48,677 | root | INFO]: Target function is running

[2025-07-15 13:06:50,186 | root | INFO]: Connection from ('127.0.0.1', 63470)
[2025-07-15 13:06:50,186 | root | INFO]: Received command: ping
[2025-07-15 13:06:51,922 | root | INFO]: Connection from ('127.0.0.1', 63471)
[2025-07-15 13:06:51,922 | root | INFO]: Received command: ping
[2025-07-15 13:06:52,753 | root | INFO]: Connection from ('127.0.0.1', 63472)
[2025-07-15 13:06:52,753 | root | INFO]: Received command: ping
[2025-07-15 13:06:53,893 | root | INFO]: Connection from ('127.0.0.1', 63473)
[2025-07-15 13:06:53,894 | root | INFO]: Received command: ping
[2025-07-15 13:06:56,900 | root | INFO]: Running target function target
[2025-07-15 13:06:56,901 | root | INFO]: Arguments: ()
[2025-07-15 13:06:56,901 | root | INFO]: Keyword arguments: {}
[2025-07-15 13:06:56,901 | root | INFO]: Target function is running

[2025-07-15 13:06:59,915 | root | INFO]: Running target function target
[2025-07-15 13:06:59,916 | root | INFO]: Arguments: ()
[2025-07-15 13:06:59,916 | root | INFO]: Keyword arguments: {}
[2025-07-15 13:06:59,916 | root | INFO]: Target function is running

[2025-07-15 13:07:02,929 | root | INFO]: Running target function target
[2025-07-15 13:07:02,929 | root | INFO]: Arguments: ()
[2025-07-15 13:07:02,930 | root | INFO]: Keyword arguments: {}
[2025-07-15 13:07:02,930 | root | INFO]: Target function is running

[2025-07-15 13:07:05,940 | root | INFO]: Running target function target
[2025-07-15 13:07:05,940 | root | INFO]: Arguments: ()
[2025-07-15 13:07:05,941 | root | INFO]: Keyword arguments: {}
[2025-07-15 13:07:05,941 | root | INFO]: Target function is running

[2025-07-15 13:07:06,253 | root | INFO]: Connection from ('127.0.0.1', 63479)
[2025-07-15 13:07:06,254 | root | INFO]: Received command: ping
[2025-07-15 13:07:06,916 | root | INFO]: Connection from ('127.0.0.1', 63481)
[2025-07-15 13:07:06,916 | root | INFO]: Received command: ping
[2025-07-15 13:07:07,539 | root | INFO]: Connection from ('127.0.0.1', 63483)
[2025-07-15 13:07:07,539 | root | INFO]: Received command: ping
[2025-07-15 13:07:10,540 | root | INFO]: Running target function target
[2025-07-15 13:07:10,540 | root | INFO]: Arguments: ()
[2025-07-15 13:07:10,540 | root | INFO]: Keyword arguments: {}
[2025-07-15 13:07:10,540 | root | INFO]: Target function is running

[2025-07-15 13:07:11,766 | root | INFO]: Connection from ('127.0.0.1', 63494)
[2025-07-15 13:07:11,767 | root | INFO]: Received command: ping
[2025-07-15 13:07:14,767 | root | INFO]: Running target function target
[2025-07-15 13:07:14,768 | root | INFO]: Arguments: ()
[2025-07-15 13:07:14,768 | root | INFO]: Keyword arguments: {}
[2025-07-15 13:07:14,769 | root | INFO]: Target function is running

[2025-07-15 13:07:17,771 | root | INFO]: Running target function target
[2025-07-15 13:07:17,771 | root | INFO]: Arguments: ()
[2025-07-15 13:07:17,771 | root | INFO]: Keyword arguments: {}
[2025-07-15 13:07:17,771 | root | INFO]: Target function is running

[2025-07-15 13:07:20,784 | root | INFO]: Running target function target
[2025-07-15 13:07:20,784 | root | INFO]: Arguments: ()
[2025-07-15 13:07:20,784 | root | INFO]: Keyword arguments: {}
[2025-07-15 13:07:20,784 | root | INFO]: Target function is running

[2025-07-15 13:07:23,797 | root | INFO]: Running target function target
[2025-07-15 13:07:23,797 | root | INFO]: Arguments: ()
[2025-07-15 13:07:23,798 | root | INFO]: Keyword arguments: {}
[2025-07-15 13:07:23,798 | root | INFO]: Target function is running

[2025-07-15 13:07:26,813 | root | INFO]: Running target function target
[2025-07-15 13:07:26,813 | root | INFO]: Arguments: ()
[2025-07-15 13:07:26,814 | root | INFO]: Keyword arguments: {}
[2025-07-15 13:07:26,814 | root | INFO]: Target function is running

[2025-07-15 13:07:29,815 | root | INFO]: Running target function target
[2025-07-15 13:07:29,815 | root | INFO]: Arguments: ()
[2025-07-15 13:07:29,815 | root | INFO]: Keyword arguments: {}
[2025-07-15 13:07:29,816 | root | INFO]: Target function is running

[2025-07-15 13:07:32,830 | root | INFO]: Running target function target
[2025-07-15 13:07:32,830 | root | INFO]: Arguments: ()
[2025-07-15 13:07:32,830 | root | INFO]: Keyword arguments: {}
[2025-07-15 13:07:32,830 | root | INFO]: Target function is running

[2025-07-15 13:07:35,839 | root | INFO]: Running target function target
[2025-07-15 13:07:35,839 | root | INFO]: Arguments: ()
[2025-07-15 13:07:35,839 | root | INFO]: Keyword arguments: {}
[2025-07-15 13:07:35,839 | root | INFO]: Target function is running

[2025-07-15 13:07:38,850 | root | INFO]: Running target function target
[2025-07-15 13:07:38,850 | root | INFO]: Arguments: ()
[2025-07-15 13:07:38,850 | root | INFO]: Keyword arguments: {}
[2025-07-15 13:07:38,851 | root | INFO]: Target function is running

[2025-07-15 13:07:41,860 | root | INFO]: Running target function target
[2025-07-15 13:07:41,860 | root | INFO]: Arguments: ()
[2025-07-15 13:07:41,861 | root | INFO]: Keyword arguments: {}
[2025-07-15 13:07:41,861 | root | INFO]: Target function is running

[2025-07-15 13:07:44,861 | root | INFO]: Running target function target
[2025-07-15 13:07:44,861 | root | INFO]: Arguments: ()
[2025-07-15 13:07:44,861 | root | INFO]: Keyword arguments: {}
[2025-07-15 13:07:44,861 | root | INFO]: Target function is running

[2025-07-15 13:07:47,865 | root | INFO]: Running target function target
[2025-07-15 13:07:47,865 | root | INFO]: Arguments: ()
[2025-07-15 13:07:47,866 | root | INFO]: Keyword arguments: {}
[2025-07-15 13:07:47,866 | root | INFO]: Target function is running

[2025-07-15 13:07:50,866 | root | INFO]: Running target function target
[2025-07-15 13:07:50,867 | root | INFO]: Arguments: ()
[2025-07-15 13:07:50,867 | root | INFO]: Keyword arguments: {}
[2025-07-15 13:07:50,867 | root | INFO]: Target function is running

[2025-07-15 13:07:53,880 | root | INFO]: Running target function target
[2025-07-15 13:07:53,880 | root | INFO]: Arguments: ()
[2025-07-15 13:07:53,880 | root | INFO]: Keyword arguments: {}
[2025-07-15 13:07:53,880 | root | INFO]: Target function is running

[2025-07-15 13:07:56,892 | root | INFO]: Running target function target
[2025-07-15 13:07:56,892 | root | INFO]: Arguments: ()
[2025-07-15 13:07:56,892 | root | INFO]: Keyword arguments: {}
[2025-07-15 13:07:56,893 | root | INFO]: Target function is running

[2025-07-15 13:07:59,902 | root | INFO]: Running target function target
[2025-07-15 13:07:59,902 | root | INFO]: Arguments: ()
[2025-07-15 13:07:59,902 | root | INFO]: Keyword arguments: {}
[2025-07-15 13:07:59,903 | root | INFO]: Target function is running

[2025-07-15 13:08:02,915 | root | INFO]: Running target function target
[2025-07-15 13:08:02,915 | root | INFO]: Arguments: ()
[2025-07-15 13:08:02,915 | root | INFO]: Keyword arguments: {}
[2025-07-15 13:08:02,916 | root | INFO]: Target function is running

[2025-07-15 13:08:05,917 | root | INFO]: Running target function target
[2025-07-15 13:08:05,917 | root | INFO]: Arguments: ()
[2025-07-15 13:08:05,917 | root | INFO]: Keyword arguments: {}
[2025-07-15 13:08:05,917 | root | INFO]: Target function is running

[2025-07-15 13:08:08,932 | root | INFO]: Running target function target
[2025-07-15 13:08:08,932 | root | INFO]: Arguments: ()
[2025-07-15 13:08:08,932 | root | INFO]: Keyword arguments: {}
[2025-07-15 13:08:08,932 | root | INFO]: Target function is running

[2025-07-15 13:08:11,933 | root | INFO]: Running target function target
[2025-07-15 13:08:11,933 | root | INFO]: Arguments: ()
[2025-07-15 13:08:11,933 | root | INFO]: Keyword arguments: {}
[2025-07-15 13:08:11,933 | root | INFO]: Target function is running

[2025-07-15 13:08:14,947 | root | INFO]: Running target function target
[2025-07-15 13:08:14,948 | root | INFO]: Arguments: ()
[2025-07-15 13:08:14,948 | root | INFO]: Keyword arguments: {}
[2025-07-15 13:08:14,948 | root | INFO]: Target function is running

[2025-07-15 13:08:17,949 | root | INFO]: Running target function target
[2025-07-15 13:08:17,949 | root | INFO]: Arguments: ()
[2025-07-15 13:08:17,949 | root | INFO]: Keyword arguments: {}
[2025-07-15 13:08:17,950 | root | INFO]: Target function is running

[2025-07-15 13:08:20,951 | root | INFO]: Running target function target
[2025-07-15 13:08:20,951 | root | INFO]: Arguments: ()
[2025-07-15 13:08:20,951 | root | INFO]: Keyword arguments: {}
[2025-07-15 13:08:20,951 | root | INFO]: Target function is running

[2025-07-15 13:08:23,951 | root | INFO]: Running target function target
[2025-07-15 13:08:23,951 | root | INFO]: Arguments: ()
[2025-07-15 13:08:23,951 | root | INFO]: Keyword arguments: {}
[2025-07-15 13:08:23,952 | root | INFO]: Target function is running

[2025-07-15 13:08:26,957 | root | INFO]: Running target function target
[2025-07-15 13:08:26,957 | root | INFO]: Arguments: ()
[2025-07-15 13:08:26,957 | root | INFO]: Keyword arguments: {}
[2025-07-15 13:08:26,957 | root | INFO]: Target function is running

[2025-07-15 13:08:29,968 | root | INFO]: Running target function target
[2025-07-15 13:08:29,968 | root | INFO]: Arguments: ()
[2025-07-15 13:08:29,968 | root | INFO]: Keyword arguments: {}
[2025-07-15 13:08:29,968 | root | INFO]: Target function is running

[2025-07-15 13:08:32,975 | root | INFO]: Running target function target
[2025-07-15 13:08:32,975 | root | INFO]: Arguments: ()
[2025-07-15 13:08:32,975 | root | INFO]: Keyword arguments: {}
[2025-07-15 13:08:32,975 | root | INFO]: Target function is running

[2025-07-15 13:08:33,608 | root | INFO]: Connection from ('127.0.0.1', 63561)
[2025-07-15 13:08:33,609 | root | INFO]: Received command: ping
[2025-07-15 13:08:36,615 | root | INFO]: Running target function target
[2025-07-15 13:08:36,615 | root | INFO]: Arguments: ()
[2025-07-15 13:08:36,615 | root | INFO]: Keyword arguments: {}
[2025-07-15 13:08:36,615 | root | INFO]: Target function is running

[2025-07-15 13:08:39,617 | root | INFO]: Running target function target
[2025-07-15 13:08:39,617 | root | INFO]: Arguments: ()
[2025-07-15 13:08:39,617 | root | INFO]: Keyword arguments: {}
[2025-07-15 13:08:39,617 | root | INFO]: Target function is running

[2025-07-15 13:08:42,624 | root | INFO]: Running target function target
[2025-07-15 13:08:42,624 | root | INFO]: Arguments: ()
[2025-07-15 13:08:42,624 | root | INFO]: Keyword arguments: {}
[2025-07-15 13:08:42,625 | root | INFO]: Target function is running

[2025-07-15 13:08:45,629 | root | INFO]: Running target function target
[2025-07-15 13:08:45,629 | root | INFO]: Arguments: ()
[2025-07-15 13:08:45,630 | root | INFO]: Keyword arguments: {}
[2025-07-15 13:08:45,630 | root | INFO]: Target function is running

[2025-07-15 13:08:48,631 | root | INFO]: Running target function target
[2025-07-15 13:08:48,632 | root | INFO]: Arguments: ()
[2025-07-15 13:08:48,632 | root | INFO]: Keyword arguments: {}
[2025-07-15 13:08:48,632 | root | INFO]: Target function is running

[2025-07-15 13:08:51,659 | root | INFO]: Running target function target
[2025-07-15 13:08:51,659 | root | INFO]: Arguments: ()
[2025-07-15 13:08:51,659 | root | INFO]: Keyword arguments: {}
[2025-07-15 13:08:51,659 | root | INFO]: Target function is running

[2025-07-15 13:08:54,661 | root | INFO]: Running target function target
[2025-07-15 13:08:54,661 | root | INFO]: Arguments: ()
[2025-07-15 13:08:54,661 | root | INFO]: Keyword arguments: {}
[2025-07-15 13:08:54,662 | root | INFO]: Target function is running

[2025-07-15 13:08:56,230 | root | INFO]: Connection from ('127.0.0.1', 63591)
[2025-07-15 13:08:56,230 | root | INFO]: Received command: ping
[2025-07-15 13:08:59,249 | root | INFO]: Running target function target
[2025-07-15 13:08:59,249 | root | INFO]: Arguments: ()
[2025-07-15 13:08:59,249 | root | INFO]: Keyword arguments: {}
[2025-07-15 13:08:59,249 | root | INFO]: Target function is running

[2025-07-15 13:09:02,265 | root | INFO]: Running target function target
[2025-07-15 13:09:02,265 | root | INFO]: Arguments: ()
[2025-07-15 13:09:02,265 | root | INFO]: Keyword arguments: {}
[2025-07-15 13:09:02,266 | root | INFO]: Target function is running

[2025-07-15 13:09:05,276 | root | INFO]: Running target function target
[2025-07-15 13:09:05,276 | root | INFO]: Arguments: ()
[2025-07-15 13:09:05,276 | root | INFO]: Keyword arguments: {}
[2025-07-15 13:09:05,276 | root | INFO]: Target function is running

[2025-07-15 13:09:08,282 | root | INFO]: Running target function target
[2025-07-15 13:09:08,282 | root | INFO]: Arguments: ()
[2025-07-15 13:09:08,282 | root | INFO]: Keyword arguments: {}
[2025-07-15 13:09:08,283 | root | INFO]: Target function is running

[2025-07-15 13:09:11,286 | root | INFO]: Running target function target
[2025-07-15 13:09:11,287 | root | INFO]: Arguments: ()
[2025-07-15 13:09:11,287 | root | INFO]: Keyword arguments: {}
[2025-07-15 13:09:11,287 | root | INFO]: Target function is running

[2025-07-15 13:09:14,299 | root | INFO]: Running target function target
[2025-07-15 13:09:14,299 | root | INFO]: Arguments: ()
[2025-07-15 13:09:14,299 | root | INFO]: Keyword arguments: {}
[2025-07-15 13:09:14,299 | root | INFO]: Target function is running

[2025-07-15 13:09:17,300 | root | INFO]: Running target function target
[2025-07-15 13:09:17,300 | root | INFO]: Arguments: ()
[2025-07-15 13:09:17,300 | root | INFO]: Keyword arguments: {}
[2025-07-15 13:09:17,301 | root | INFO]: Target function is running

[2025-07-15 13:09:20,314 | root | INFO]: Running target function target
[2025-07-15 13:09:20,315 | root | INFO]: Arguments: ()
[2025-07-15 13:09:20,315 | root | INFO]: Keyword arguments: {}
[2025-07-15 13:09:20,315 | root | INFO]: Target function is running

[2025-07-15 13:09:23,333 | root | INFO]: Running target function target
[2025-07-15 13:09:23,334 | root | INFO]: Arguments: ()
[2025-07-15 13:09:23,334 | root | INFO]: Keyword arguments: {}
[2025-07-15 13:09:23,335 | root | INFO]: Target function is running

[2025-07-15 13:09:26,362 | root | INFO]: Running target function target
[2025-07-15 13:09:26,362 | root | INFO]: Arguments: ()
[2025-07-15 13:09:26,362 | root | INFO]: Keyword arguments: {}
[2025-07-15 13:09:26,362 | root | INFO]: Target function is running

[2025-07-15 13:09:29,365 | root | INFO]: Running target function target
[2025-07-15 13:09:29,365 | root | INFO]: Arguments: ()
[2025-07-15 13:09:29,365 | root | INFO]: Keyword arguments: {}
[2025-07-15 13:09:29,365 | root | INFO]: Target function is running

[2025-07-15 13:09:32,374 | root | INFO]: Running target function target
[2025-07-15 13:09:32,374 | root | INFO]: Arguments: ()
[2025-07-15 13:09:32,375 | root | INFO]: Keyword arguments: {}
[2025-07-15 13:09:32,375 | root | INFO]: Target function is running

[2025-07-15 13:09:35,379 | root | INFO]: Running target function target
[2025-07-15 13:09:35,379 | root | INFO]: Arguments: ()
[2025-07-15 13:09:35,379 | root | INFO]: Keyword arguments: {}
[2025-07-15 13:09:35,380 | root | INFO]: Target function is running

[2025-07-15 13:09:38,382 | root | INFO]: Running target function target
[2025-07-15 13:09:38,382 | root | INFO]: Arguments: ()
[2025-07-15 13:09:38,382 | root | INFO]: Keyword arguments: {}
[2025-07-15 13:09:38,382 | root | INFO]: Target function is running

[2025-07-15 13:09:41,396 | root | INFO]: Running target function target
[2025-07-15 13:09:41,397 | root | INFO]: Arguments: ()
[2025-07-15 13:09:41,397 | root | INFO]: Keyword arguments: {}
[2025-07-15 13:09:41,397 | root | INFO]: Target function is running

[2025-07-15 13:09:44,399 | root | INFO]: Running target function target
[2025-07-15 13:09:44,399 | root | INFO]: Arguments: ()
[2025-07-15 13:09:44,399 | root | INFO]: Keyword arguments: {}
[2025-07-15 13:09:44,400 | root | INFO]: Target function is running

[2025-07-15 13:09:47,413 | root | INFO]: Running target function target
[2025-07-15 13:09:47,413 | root | INFO]: Arguments: ()
[2025-07-15 13:09:47,413 | root | INFO]: Keyword arguments: {}
[2025-07-15 13:09:47,414 | root | INFO]: Target function is running

[2025-07-15 13:09:49,615 | root | INFO]: Connection from ('127.0.0.1', 63635)
[2025-07-15 13:09:49,615 | root | INFO]: Received command: ping
[2025-07-15 13:09:52,616 | root | INFO]: Running target function target
[2025-07-15 13:09:52,617 | root | INFO]: Arguments: ()
[2025-07-15 13:09:52,617 | root | INFO]: Keyword arguments: {}
[2025-07-15 13:09:52,618 | root | INFO]: Target function is running

[2025-07-15 13:09:55,632 | root | INFO]: Running target function target
[2025-07-15 13:09:55,633 | root | INFO]: Arguments: ()
[2025-07-15 13:09:55,633 | root | INFO]: Keyword arguments: {}
[2025-07-15 13:09:55,634 | root | INFO]: Target function is running

[2025-07-15 13:09:58,634 | root | INFO]: Running target function target
[2025-07-15 13:09:58,634 | root | INFO]: Arguments: ()
[2025-07-15 13:09:58,634 | root | INFO]: Keyword arguments: {}
[2025-07-15 13:09:58,635 | root | INFO]: Target function is running

[2025-07-15 13:09:59,399 | root | INFO]: Connection from ('127.0.0.1', 63685)
[2025-07-15 13:09:59,400 | root | INFO]: Received command: ping
[2025-07-15 13:10:02,414 | root | INFO]: Running target function target
[2025-07-15 13:10:02,414 | root | INFO]: Arguments: ()
[2025-07-15 13:10:02,414 | root | INFO]: Keyword arguments: {}
[2025-07-15 13:10:02,414 | root | INFO]: Target function is running

[2025-07-15 13:10:05,426 | root | INFO]: Running target function target
[2025-07-15 13:10:05,427 | root | INFO]: Arguments: ()
[2025-07-15 13:10:05,427 | root | INFO]: Keyword arguments: {}
[2025-07-15 13:10:05,427 | root | INFO]: Target function is running

[2025-07-15 13:10:08,435 | root | INFO]: Running target function target
[2025-07-15 13:10:08,436 | root | INFO]: Arguments: ()
[2025-07-15 13:10:08,436 | root | INFO]: Keyword arguments: {}
[2025-07-15 13:10:08,436 | root | INFO]: Target function is running

[2025-07-15 13:10:11,439 | root | INFO]: Running target function target
[2025-07-15 13:10:11,439 | root | INFO]: Arguments: ()
[2025-07-15 13:10:11,439 | root | INFO]: Keyword arguments: {}
[2025-07-15 13:10:11,439 | root | INFO]: Target function is running

[2025-07-15 13:10:14,447 | root | INFO]: Running target function target
[2025-07-15 13:10:14,447 | root | INFO]: Arguments: ()
[2025-07-15 13:10:14,447 | root | INFO]: Keyword arguments: {}
[2025-07-15 13:10:14,448 | root | INFO]: Target function is running

[2025-07-15 13:10:17,460 | root | INFO]: Running target function target
[2025-07-15 13:10:17,460 | root | INFO]: Arguments: ()
[2025-07-15 13:10:17,460 | root | INFO]: Keyword arguments: {}
[2025-07-15 13:10:17,461 | root | INFO]: Target function is running

[2025-07-15 13:10:20,473 | root | INFO]: Running target function target
[2025-07-15 13:10:20,473 | root | INFO]: Arguments: ()
[2025-07-15 13:10:20,473 | root | INFO]: Keyword arguments: {}
[2025-07-15 13:10:20,473 | root | INFO]: Target function is running

[2025-07-15 13:10:23,474 | root | INFO]: Running target function target
[2025-07-15 13:10:23,474 | root | INFO]: Arguments: ()
[2025-07-15 13:10:23,474 | root | INFO]: Keyword arguments: {}
[2025-07-15 13:10:23,475 | root | INFO]: Target function is running

[2025-07-15 13:10:26,482 | root | INFO]: Running target function target
[2025-07-15 13:10:26,482 | root | INFO]: Arguments: ()
[2025-07-15 13:10:26,482 | root | INFO]: Keyword arguments: {}
[2025-07-15 13:10:26,482 | root | INFO]: Target function is running

[2025-07-15 13:10:29,498 | root | INFO]: Running target function target
[2025-07-15 13:10:29,498 | root | INFO]: Arguments: ()
[2025-07-15 13:10:29,498 | root | INFO]: Keyword arguments: {}
[2025-07-15 13:10:29,499 | root | INFO]: Target function is running

[2025-07-15 13:10:32,509 | root | INFO]: Running target function target
[2025-07-15 13:10:32,510 | root | INFO]: Arguments: ()
[2025-07-15 13:10:32,510 | root | INFO]: Keyword arguments: {}
[2025-07-15 13:10:32,511 | root | INFO]: Target function is running

[2025-07-15 13:10:35,513 | root | INFO]: Running target function target
[2025-07-15 13:10:35,514 | root | INFO]: Arguments: ()
[2025-07-15 13:10:35,514 | root | INFO]: Keyword arguments: {}
[2025-07-15 13:10:35,514 | root | INFO]: Target function is running

[2025-07-15 13:10:38,516 | root | INFO]: Running target function target
[2025-07-15 13:10:38,516 | root | INFO]: Arguments: ()
[2025-07-15 13:10:38,516 | root | INFO]: Keyword arguments: {}
[2025-07-15 13:10:38,516 | root | INFO]: Target function is running

[2025-07-15 13:10:41,519 | root | INFO]: Running target function target
[2025-07-15 13:10:41,519 | root | INFO]: Arguments: ()
[2025-07-15 13:10:41,519 | root | INFO]: Keyword arguments: {}
[2025-07-15 13:10:41,520 | root | INFO]: Target function is running

[2025-07-15 13:10:44,534 | root | INFO]: Running target function target
[2025-07-15 13:10:44,534 | root | INFO]: Arguments: ()
[2025-07-15 13:10:44,534 | root | INFO]: Keyword arguments: {}
[2025-07-15 13:10:44,535 | root | INFO]: Target function is running

[2025-07-15 13:10:47,539 | root | INFO]: Running target function target
[2025-07-15 13:10:47,540 | root | INFO]: Arguments: ()
[2025-07-15 13:10:47,540 | root | INFO]: Keyword arguments: {}
[2025-07-15 13:10:47,540 | root | INFO]: Target function is running

[2025-07-15 13:10:50,549 | root | INFO]: Running target function target
[2025-07-15 13:10:50,549 | root | INFO]: Arguments: ()
[2025-07-15 13:10:50,549 | root | INFO]: Keyword arguments: {}
[2025-07-15 13:10:50,549 | root | INFO]: Target function is running

[2025-07-15 13:10:53,549 | root | INFO]: Running target function target
[2025-07-15 13:10:53,549 | root | INFO]: Arguments: ()
[2025-07-15 13:10:53,549 | root | INFO]: Keyword arguments: {}
[2025-07-15 13:10:53,551 | root | INFO]: Target function is running

[2025-07-15 13:10:56,564 | root | INFO]: Running target function target
[2025-07-15 13:10:56,564 | root | INFO]: Arguments: ()
[2025-07-15 13:10:56,565 | root | INFO]: Keyword arguments: {}
[2025-07-15 13:10:56,565 | root | INFO]: Target function is running

[2025-07-15 13:10:59,580 | root | INFO]: Running target function target
[2025-07-15 13:10:59,580 | root | INFO]: Arguments: ()
[2025-07-15 13:10:59,580 | root | INFO]: Keyword arguments: {}
[2025-07-15 13:10:59,581 | root | INFO]: Target function is running

[2025-07-15 13:11:02,591 | root | INFO]: Running target function target
[2025-07-15 13:11:02,591 | root | INFO]: Arguments: ()
[2025-07-15 13:11:02,591 | root | INFO]: Keyword arguments: {}
[2025-07-15 13:11:02,592 | root | INFO]: Target function is running

[2025-07-15 13:11:05,599 | root | INFO]: Running target function target
[2025-07-15 13:11:05,599 | root | INFO]: Arguments: ()
[2025-07-15 13:11:05,600 | root | INFO]: Keyword arguments: {}
[2025-07-15 13:11:05,600 | root | INFO]: Target function is running

[2025-07-15 13:11:08,604 | root | INFO]: Running target function target
[2025-07-15 13:11:08,604 | root | INFO]: Arguments: ()
[2025-07-15 13:11:08,604 | root | INFO]: Keyword arguments: {}
[2025-07-15 13:11:08,604 | root | INFO]: Target function is running

[2025-07-15 13:11:11,138 | root | INFO]: Connection from ('127.0.0.1', 63709)
[2025-07-15 13:11:11,138 | root | INFO]: Received command: ping
[2025-07-15 13:11:14,139 | root | INFO]: Running target function target
[2025-07-15 13:11:14,139 | root | INFO]: Arguments: ()
[2025-07-15 13:11:14,139 | root | INFO]: Keyword arguments: {}
[2025-07-15 13:11:14,140 | root | INFO]: Target function is running

[2025-07-15 13:11:17,154 | root | INFO]: Running target function target
[2025-07-15 13:11:17,154 | root | INFO]: Arguments: ()
[2025-07-15 13:11:17,155 | root | INFO]: Keyword arguments: {}
[2025-07-15 13:11:17,156 | root | INFO]: Target function is running

[2025-07-15 13:11:20,162 | root | INFO]: Running target function target
[2025-07-15 13:11:20,163 | root | INFO]: Arguments: ()
[2025-07-15 13:11:20,163 | root | INFO]: Keyword arguments: {}
[2025-07-15 13:11:20,164 | root | INFO]: Target function is running

[2025-07-15 13:11:23,172 | root | INFO]: Running target function target
[2025-07-15 13:11:23,172 | root | INFO]: Arguments: ()
[2025-07-15 13:11:23,172 | root | INFO]: Keyword arguments: {}
[2025-07-15 13:11:23,172 | root | INFO]: Target function is running

[2025-07-15 13:11:26,187 | root | INFO]: Running target function target
[2025-07-15 13:11:26,187 | root | INFO]: Arguments: ()
[2025-07-15 13:11:26,187 | root | INFO]: Keyword arguments: {}
[2025-07-15 13:11:26,188 | root | INFO]: Target function is running

[2025-07-15 13:11:29,198 | root | INFO]: Running target function target
[2025-07-15 13:11:29,199 | root | INFO]: Arguments: ()
[2025-07-15 13:11:29,200 | root | INFO]: Keyword arguments: {}
[2025-07-15 13:11:29,200 | root | INFO]: Target function is running

[2025-07-15 13:11:32,214 | root | INFO]: Running target function target
[2025-07-15 13:11:32,214 | root | INFO]: Arguments: ()
[2025-07-15 13:11:32,214 | root | INFO]: Keyword arguments: {}
[2025-07-15 13:11:32,215 | root | INFO]: Target function is running

[2025-07-15 13:11:35,215 | root | INFO]: Running target function target
[2025-07-15 13:11:35,216 | root | INFO]: Arguments: ()
[2025-07-15 13:11:35,216 | root | INFO]: Keyword arguments: {}
[2025-07-15 13:11:35,217 | root | INFO]: Target function is running

[2025-07-15 13:11:38,232 | root | INFO]: Running target function target
[2025-07-15 13:11:38,233 | root | INFO]: Arguments: ()
[2025-07-15 13:11:38,233 | root | INFO]: Keyword arguments: {}
[2025-07-15 13:11:38,235 | root | INFO]: Target function is running

[2025-07-15 13:11:41,248 | root | INFO]: Running target function target
[2025-07-15 13:11:41,249 | root | INFO]: Arguments: ()
[2025-07-15 13:11:41,249 | root | INFO]: Keyword arguments: {}
[2025-07-15 13:11:41,250 | root | INFO]: Target function is running

[2025-07-15 13:11:44,255 | root | INFO]: Running target function target
[2025-07-15 13:11:44,256 | root | INFO]: Arguments: ()
[2025-07-15 13:11:44,256 | root | INFO]: Keyword arguments: {}
[2025-07-15 13:11:44,256 | root | INFO]: Target function is running

[2025-07-15 13:11:47,261 | root | INFO]: Running target function target
[2025-07-15 13:11:47,261 | root | INFO]: Arguments: ()
[2025-07-15 13:11:47,261 | root | INFO]: Keyword arguments: {}
[2025-07-15 13:11:47,261 | root | INFO]: Target function is running

[2025-07-15 13:11:50,267 | root | INFO]: Running target function target
[2025-07-15 13:11:50,267 | root | INFO]: Arguments: ()
[2025-07-15 13:11:50,267 | root | INFO]: Keyword arguments: {}
[2025-07-15 13:11:50,268 | root | INFO]: Target function is running

[2025-07-15 13:11:53,276 | root | INFO]: Running target function target
[2025-07-15 13:11:53,276 | root | INFO]: Arguments: ()
[2025-07-15 13:11:53,276 | root | INFO]: Keyword arguments: {}
[2025-07-15 13:11:53,278 | root | INFO]: Target function is running

[2025-07-15 13:11:56,284 | root | INFO]: Running target function target
[2025-07-15 13:11:56,284 | root | INFO]: Arguments: ()
[2025-07-15 13:11:56,284 | root | INFO]: Keyword arguments: {}
[2025-07-15 13:11:56,286 | root | INFO]: Target function is running

[2025-07-15 13:11:59,297 | root | INFO]: Running target function target
[2025-07-15 13:11:59,298 | root | INFO]: Arguments: ()
[2025-07-15 13:11:59,298 | root | INFO]: Keyword arguments: {}
[2025-07-15 13:11:59,298 | root | INFO]: Target function is running

[2025-07-15 13:12:02,307 | root | INFO]: Running target function target
[2025-07-15 13:12:02,308 | root | INFO]: Arguments: ()
[2025-07-15 13:12:02,308 | root | INFO]: Keyword arguments: {}
[2025-07-15 13:12:02,308 | root | INFO]: Target function is running

[2025-07-15 13:12:05,327 | root | INFO]: Running target function target
[2025-07-15 13:12:05,327 | root | INFO]: Arguments: ()
[2025-07-15 13:12:05,327 | root | INFO]: Keyword arguments: {}
[2025-07-15 13:12:05,327 | root | INFO]: Target function is running

[2025-07-15 13:12:08,348 | root | INFO]: Running target function target
[2025-07-15 13:12:08,348 | root | INFO]: Arguments: ()
[2025-07-15 13:12:08,348 | root | INFO]: Keyword arguments: {}
[2025-07-15 13:12:08,348 | root | INFO]: Target function is running

[2025-07-15 13:12:11,353 | root | INFO]: Running target function target
[2025-07-15 13:12:11,353 | root | INFO]: Arguments: ()
[2025-07-15 13:12:11,353 | root | INFO]: Keyword arguments: {}
[2025-07-15 13:12:11,354 | root | INFO]: Target function is running

[2025-07-15 13:12:14,366 | root | INFO]: Running target function target
[2025-07-15 13:12:14,366 | root | INFO]: Arguments: ()
[2025-07-15 13:12:14,366 | root | INFO]: Keyword arguments: {}
[2025-07-15 13:12:14,367 | root | INFO]: Target function is running

[2025-07-15 13:12:17,382 | root | INFO]: Running target function target
[2025-07-15 13:12:17,382 | root | INFO]: Arguments: ()
[2025-07-15 13:12:17,382 | root | INFO]: Keyword arguments: {}
[2025-07-15 13:12:17,382 | root | INFO]: Target function is running

[2025-07-15 13:12:20,387 | root | INFO]: Running target function target
[2025-07-15 13:12:20,387 | root | INFO]: Arguments: ()
[2025-07-15 13:12:20,387 | root | INFO]: Keyword arguments: {}
[2025-07-15 13:12:20,388 | root | INFO]: Target function is running

[2025-07-15 13:12:23,398 | root | INFO]: Running target function target
[2025-07-15 13:12:23,398 | root | INFO]: Arguments: ()
[2025-07-15 13:12:23,399 | root | INFO]: Keyword arguments: {}
[2025-07-15 13:12:23,399 | root | INFO]: Target function is running

[2025-07-15 13:12:26,400 | root | INFO]: Running target function target
[2025-07-15 13:12:26,401 | root | INFO]: Arguments: ()
[2025-07-15 13:12:26,401 | root | INFO]: Keyword arguments: {}
[2025-07-15 13:12:26,401 | root | INFO]: Target function is running

[2025-07-15 13:12:29,404 | root | INFO]: Running target function target
[2025-07-15 13:12:29,404 | root | INFO]: Arguments: ()
[2025-07-15 13:12:29,404 | root | INFO]: Keyword arguments: {}
[2025-07-15 13:12:29,406 | root | INFO]: Target function is running

[2025-07-15 13:12:32,424 | root | INFO]: Running target function target
[2025-07-15 13:12:32,424 | root | INFO]: Arguments: ()
[2025-07-15 13:12:32,425 | root | INFO]: Keyword arguments: {}
[2025-07-15 13:12:32,425 | root | INFO]: Target function is running

[2025-07-15 13:12:35,431 | root | INFO]: Running target function target
[2025-07-15 13:12:35,432 | root | INFO]: Arguments: ()
[2025-07-15 13:12:35,432 | root | INFO]: Keyword arguments: {}
[2025-07-15 13:12:35,433 | root | INFO]: Target function is running

[2025-07-15 13:12:38,435 | root | INFO]: Running target function target
[2025-07-15 13:12:38,435 | root | INFO]: Arguments: ()
[2025-07-15 13:12:38,435 | root | INFO]: Keyword arguments: {}
[2025-07-15 13:12:38,437 | root | INFO]: Target function is running

[2025-07-15 13:12:41,447 | root | INFO]: Running target function target
[2025-07-15 13:12:41,447 | root | INFO]: Arguments: ()
[2025-07-15 13:12:41,447 | root | INFO]: Keyword arguments: {}
[2025-07-15 13:12:41,449 | root | INFO]: Target function is running

[2025-07-15 13:12:44,459 | root | INFO]: Running target function target
[2025-07-15 13:12:44,459 | root | INFO]: Arguments: ()
[2025-07-15 13:12:44,460 | root | INFO]: Keyword arguments: {}
[2025-07-15 13:12:44,460 | root | INFO]: Target function is running

[2025-07-15 13:12:47,464 | root | INFO]: Running target function target
[2025-07-15 13:12:47,465 | root | INFO]: Arguments: ()
[2025-07-15 13:12:47,465 | root | INFO]: Keyword arguments: {}
[2025-07-15 13:12:47,466 | root | INFO]: Target function is running

[2025-07-15 13:12:50,477 | root | INFO]: Running target function target
[2025-07-15 13:12:50,477 | root | INFO]: Arguments: ()
[2025-07-15 13:12:50,477 | root | INFO]: Keyword arguments: {}
[2025-07-15 13:12:50,478 | root | INFO]: Target function is running

[2025-07-15 13:12:53,479 | root | INFO]: Running target function target
[2025-07-15 13:12:53,479 | root | INFO]: Arguments: ()
[2025-07-15 13:12:53,479 | root | INFO]: Keyword arguments: {}
[2025-07-15 13:12:53,479 | root | INFO]: Target function is running

[2025-07-15 13:12:56,484 | root | INFO]: Running target function target
[2025-07-15 13:12:56,484 | root | INFO]: Arguments: ()
[2025-07-15 13:12:56,484 | root | INFO]: Keyword arguments: {}
[2025-07-15 13:12:56,485 | root | INFO]: Target function is running

[2025-07-15 13:12:59,486 | root | INFO]: Running target function target
[2025-07-15 13:12:59,486 | root | INFO]: Arguments: ()
[2025-07-15 13:12:59,486 | root | INFO]: Keyword arguments: {}
[2025-07-15 13:12:59,486 | root | INFO]: Target function is running

[2025-07-15 13:13:02,501 | root | INFO]: Running target function target
[2025-07-15 13:13:02,502 | root | INFO]: Arguments: ()
[2025-07-15 13:13:02,502 | root | INFO]: Keyword arguments: {}
[2025-07-15 13:13:02,503 | root | INFO]: Target function is running

[2025-07-15 13:13:05,514 | root | INFO]: Running target function target
[2025-07-15 13:13:05,514 | root | INFO]: Arguments: ()
[2025-07-15 13:13:05,515 | root | INFO]: Keyword arguments: {}
[2025-07-15 13:13:05,515 | root | INFO]: Target function is running

[2025-07-15 13:13:08,517 | root | INFO]: Running target function target
[2025-07-15 13:13:08,518 | root | INFO]: Arguments: ()
[2025-07-15 13:13:08,518 | root | INFO]: Keyword arguments: {}
[2025-07-15 13:13:08,518 | root | INFO]: Target function is running

[2025-07-15 13:13:11,533 | root | INFO]: Running target function target
[2025-07-15 13:13:11,534 | root | INFO]: Arguments: ()
[2025-07-15 13:13:11,534 | root | INFO]: Keyword arguments: {}
[2025-07-15 13:13:11,536 | root | INFO]: Target function is running

[2025-07-15 13:13:14,543 | root | INFO]: Running target function target
[2025-07-15 13:13:14,543 | root | INFO]: Arguments: ()
[2025-07-15 13:13:14,543 | root | INFO]: Keyword arguments: {}
[2025-07-15 13:13:14,544 | root | INFO]: Target function is running

[2025-07-15 13:13:17,550 | root | INFO]: Running target function target
[2025-07-15 13:13:17,550 | root | INFO]: Arguments: ()
[2025-07-15 13:13:17,550 | root | INFO]: Keyword arguments: {}
[2025-07-15 13:13:17,550 | root | INFO]: Target function is running

[2025-07-15 13:13:20,563 | root | INFO]: Running target function target
[2025-07-15 13:13:20,563 | root | INFO]: Arguments: ()
[2025-07-15 13:13:20,563 | root | INFO]: Keyword arguments: {}
[2025-07-15 13:13:20,564 | root | INFO]: Target function is running

[2025-07-15 13:13:23,574 | root | INFO]: Running target function target
[2025-07-15 13:13:23,574 | root | INFO]: Arguments: ()
[2025-07-15 13:13:23,574 | root | INFO]: Keyword arguments: {}
[2025-07-15 13:13:23,574 | root | INFO]: Target function is running

[2025-07-15 13:13:26,581 | root | INFO]: Running target function target
[2025-07-15 13:13:26,582 | root | INFO]: Arguments: ()
[2025-07-15 13:13:26,582 | root | INFO]: Keyword arguments: {}
[2025-07-15 13:13:26,582 | root | INFO]: Target function is running

[2025-07-15 13:13:29,588 | root | INFO]: Running target function target
[2025-07-15 13:13:29,588 | root | INFO]: Arguments: ()
[2025-07-15 13:13:29,588 | root | INFO]: Keyword arguments: {}
[2025-07-15 13:13:29,590 | root | INFO]: Target function is running

[2025-07-15 13:13:32,596 | root | INFO]: Running target function target
[2025-07-15 13:13:32,596 | root | INFO]: Arguments: ()
[2025-07-15 13:13:32,596 | root | INFO]: Keyword arguments: {}
[2025-07-15 13:13:32,598 | root | INFO]: Target function is running

[2025-07-15 13:13:35,612 | root | INFO]: Running target function target
[2025-07-15 13:13:35,612 | root | INFO]: Arguments: ()
[2025-07-15 13:13:35,612 | root | INFO]: Keyword arguments: {}
[2025-07-15 13:13:35,612 | root | INFO]: Target function is running

[2025-07-15 13:13:38,615 | root | INFO]: Running target function target
[2025-07-15 13:13:38,615 | root | INFO]: Arguments: ()
[2025-07-15 13:13:38,615 | root | INFO]: Keyword arguments: {}
[2025-07-15 13:13:38,619 | root | INFO]: Target function is running

[2025-07-15 13:13:41,632 | root | INFO]: Running target function target
[2025-07-15 13:13:41,632 | root | INFO]: Arguments: ()
[2025-07-15 13:13:41,632 | root | INFO]: Keyword arguments: {}
[2025-07-15 13:13:41,633 | root | INFO]: Target function is running

[2025-07-15 13:13:44,635 | root | INFO]: Running target function target
[2025-07-15 13:13:44,635 | root | INFO]: Arguments: ()
[2025-07-15 13:13:44,635 | root | INFO]: Keyword arguments: {}
[2025-07-15 13:13:44,636 | root | INFO]: Target function is running

[2025-07-15 13:13:47,642 | root | INFO]: Running target function target
[2025-07-15 13:13:47,642 | root | INFO]: Arguments: ()
[2025-07-15 13:13:47,642 | root | INFO]: Keyword arguments: {}
[2025-07-15 13:13:47,643 | root | INFO]: Target function is running

[2025-07-15 13:13:50,645 | root | INFO]: Running target function target
[2025-07-15 13:13:50,645 | root | INFO]: Arguments: ()
[2025-07-15 13:13:50,645 | root | INFO]: Keyword arguments: {}
[2025-07-15 13:13:50,645 | root | INFO]: Target function is running

[2025-07-15 13:13:53,648 | root | INFO]: Running target function target
[2025-07-15 13:13:53,649 | root | INFO]: Arguments: ()
[2025-07-15 13:13:53,649 | root | INFO]: Keyword arguments: {}
[2025-07-15 13:13:53,650 | root | INFO]: Target function is running

[2025-07-15 13:13:56,661 | root | INFO]: Running target function target
[2025-07-15 13:13:56,661 | root | INFO]: Arguments: ()
[2025-07-15 13:13:56,661 | root | INFO]: Keyword arguments: {}
[2025-07-15 13:13:56,661 | root | INFO]: Target function is running

[2025-07-15 13:13:59,668 | root | INFO]: Running target function target
[2025-07-15 13:13:59,668 | root | INFO]: Arguments: ()
[2025-07-15 13:13:59,668 | root | INFO]: Keyword arguments: {}
[2025-07-15 13:13:59,668 | root | INFO]: Target function is running

[2025-07-15 13:14:02,681 | root | INFO]: Running target function target
[2025-07-15 13:14:02,681 | root | INFO]: Arguments: ()
[2025-07-15 13:14:02,682 | root | INFO]: Keyword arguments: {}
[2025-07-15 13:14:02,683 | root | INFO]: Target function is running

[2025-07-15 13:14:05,697 | root | INFO]: Running target function target
[2025-07-15 13:14:05,698 | root | INFO]: Arguments: ()
[2025-07-15 13:14:05,698 | root | INFO]: Keyword arguments: {}
[2025-07-15 13:14:05,698 | root | INFO]: Target function is running

[2025-07-15 13:14:08,699 | root | INFO]: Running target function target
[2025-07-15 13:14:08,699 | root | INFO]: Arguments: ()
[2025-07-15 13:14:08,699 | root | INFO]: Keyword arguments: {}
[2025-07-15 13:14:08,699 | root | INFO]: Target function is running

[2025-07-15 13:14:11,700 | root | INFO]: Running target function target
[2025-07-15 13:14:11,700 | root | INFO]: Arguments: ()
[2025-07-15 13:14:11,700 | root | INFO]: Keyword arguments: {}
[2025-07-15 13:14:11,700 | root | INFO]: Target function is running

[2025-07-15 13:14:14,707 | root | INFO]: Running target function target
[2025-07-15 13:14:14,708 | root | INFO]: Arguments: ()
[2025-07-15 13:14:14,709 | root | INFO]: Keyword arguments: {}
[2025-07-15 13:14:14,710 | root | INFO]: Target function is running

[2025-07-15 13:14:17,715 | root | INFO]: Running target function target
[2025-07-15 13:14:17,716 | root | INFO]: Arguments: ()
[2025-07-15 13:14:17,716 | root | INFO]: Keyword arguments: {}
[2025-07-15 13:14:17,717 | root | INFO]: Target function is running

[2025-07-15 13:14:20,730 | root | INFO]: Running target function target
[2025-07-15 13:14:20,731 | root | INFO]: Arguments: ()
[2025-07-15 13:14:20,731 | root | INFO]: Keyword arguments: {}
[2025-07-15 13:14:20,731 | root | INFO]: Target function is running

[2025-07-15 13:14:23,733 | root | INFO]: Running target function target
[2025-07-15 13:14:23,733 | root | INFO]: Arguments: ()
[2025-07-15 13:14:23,733 | root | INFO]: Keyword arguments: {}
[2025-07-15 13:14:23,735 | root | INFO]: Target function is running

[2025-07-15 13:14:26,741 | root | INFO]: Running target function target
[2025-07-15 13:14:26,742 | root | INFO]: Arguments: ()
[2025-07-15 13:14:26,742 | root | INFO]: Keyword arguments: {}
[2025-07-15 13:14:26,742 | root | INFO]: Target function is running

[2025-07-15 13:14:29,747 | root | INFO]: Running target function target
[2025-07-15 13:14:29,747 | root | INFO]: Arguments: ()
[2025-07-15 13:14:29,747 | root | INFO]: Keyword arguments: {}
[2025-07-15 13:14:29,748 | root | INFO]: Target function is running

[2025-07-15 13:14:32,762 | root | INFO]: Running target function target
[2025-07-15 13:14:32,763 | root | INFO]: Arguments: ()
[2025-07-15 13:14:32,763 | root | INFO]: Keyword arguments: {}
[2025-07-15 13:14:32,766 | root | INFO]: Target function is running

[2025-07-15 13:14:35,778 | root | INFO]: Running target function target
[2025-07-15 13:14:35,778 | root | INFO]: Arguments: ()
[2025-07-15 13:14:35,778 | root | INFO]: Keyword arguments: {}
[2025-07-15 13:14:35,780 | root | INFO]: Target function is running

[2025-07-15 13:14:38,791 | root | INFO]: Running target function target
[2025-07-15 13:14:38,791 | root | INFO]: Arguments: ()
[2025-07-15 13:14:38,791 | root | INFO]: Keyword arguments: {}
[2025-07-15 13:14:38,791 | root | INFO]: Target function is running

[2025-07-15 13:14:41,795 | root | INFO]: Running target function target
[2025-07-15 13:14:41,796 | root | INFO]: Arguments: ()
[2025-07-15 13:14:41,796 | root | INFO]: Keyword arguments: {}
[2025-07-15 13:14:41,798 | root | INFO]: Target function is running

[2025-07-15 13:14:44,803 | root | INFO]: Running target function target
[2025-07-15 13:14:44,804 | root | INFO]: Arguments: ()
[2025-07-15 13:14:44,804 | root | INFO]: Keyword arguments: {}
[2025-07-15 13:14:44,806 | root | INFO]: Target function is running

[2025-07-15 13:14:47,818 | root | INFO]: Running target function target
[2025-07-15 13:14:47,818 | root | INFO]: Arguments: ()
[2025-07-15 13:14:47,818 | root | INFO]: Keyword arguments: {}
[2025-07-15 13:14:47,818 | root | INFO]: Target function is running

[2025-07-15 13:14:50,823 | root | INFO]: Running target function target
[2025-07-15 13:14:50,823 | root | INFO]: Arguments: ()
[2025-07-15 13:14:50,823 | root | INFO]: Keyword arguments: {}
[2025-07-15 13:14:50,823 | root | INFO]: Target function is running

[2025-07-15 13:14:53,832 | root | INFO]: Running target function target
[2025-07-15 13:14:53,832 | root | INFO]: Arguments: ()
[2025-07-15 13:14:53,833 | root | INFO]: Keyword arguments: {}
[2025-07-15 13:14:53,833 | root | INFO]: Target function is running

[2025-07-15 13:14:56,857 | root | INFO]: Running target function target
[2025-07-15 13:14:56,857 | root | INFO]: Arguments: ()
[2025-07-15 13:14:56,857 | root | INFO]: Keyword arguments: {}
[2025-07-15 13:14:56,859 | root | INFO]: Target function is running

[2025-07-15 13:14:59,866 | root | INFO]: Running target function target
[2025-07-15 13:14:59,866 | root | INFO]: Arguments: ()
[2025-07-15 13:14:59,866 | root | INFO]: Keyword arguments: {}
[2025-07-15 13:14:59,868 | root | INFO]: Target function is running

[2025-07-15 13:15:02,872 | root | INFO]: Running target function target
[2025-07-15 13:15:02,873 | root | INFO]: Arguments: ()
[2025-07-15 13:15:02,873 | root | INFO]: Keyword arguments: {}
[2025-07-15 13:15:02,874 | root | INFO]: Target function is running

[2025-07-15 13:15:05,887 | root | INFO]: Running target function target
[2025-07-15 13:15:05,887 | root | INFO]: Arguments: ()
[2025-07-15 13:15:05,887 | root | INFO]: Keyword arguments: {}
[2025-07-15 13:15:05,889 | root | INFO]: Target function is running

[2025-07-15 13:15:08,894 | root | INFO]: Running target function target
[2025-07-15 13:15:08,895 | root | INFO]: Arguments: ()
[2025-07-15 13:15:08,895 | root | INFO]: Keyword arguments: {}
[2025-07-15 13:15:08,896 | root | INFO]: Target function is running

[2025-07-15 13:15:11,909 | root | INFO]: Running target function target
[2025-07-15 13:15:11,909 | root | INFO]: Arguments: ()
[2025-07-15 13:15:11,909 | root | INFO]: Keyword arguments: {}
[2025-07-15 13:15:11,911 | root | INFO]: Target function is running

[2025-07-15 13:15:13,137 | root | INFO]: Connection from ('127.0.0.1', 63836)
[2025-07-15 13:15:13,137 | root | INFO]: Received command: hola
[2025-07-15 13:15:15,213 | root | INFO]: Connection from ('127.0.0.1', 63837)
[2025-07-15 13:15:15,213 | root | INFO]: Received command: hola
[2025-07-15 13:15:16,668 | root | INFO]: Connection from ('127.0.0.1', 63838)
[2025-07-15 13:15:16,668 | root | INFO]: Received command: hola
[2025-07-15 13:15:18,113 | root | INFO]: Connection from ('127.0.0.1', 63840)
[2025-07-15 13:15:18,113 | root | INFO]: Received command: hola
[2025-07-15 13:15:21,126 | root | INFO]: Running target function target
[2025-07-15 13:15:21,126 | root | INFO]: Arguments: ()
[2025-07-15 13:15:21,126 | root | INFO]: Keyword arguments: {}
[2025-07-15 13:15:21,128 | root | INFO]: Target function is running

[2025-07-15 13:15:24,130 | root | INFO]: Running target function target
[2025-07-15 13:15:24,130 | root | INFO]: Arguments: ()
[2025-07-15 13:15:24,130 | root | INFO]: Keyword arguments: {}
[2025-07-15 13:15:24,130 | root | INFO]: Target function is running

[2025-07-15 13:15:27,135 | root | INFO]: Running target function target
[2025-07-15 13:15:27,135 | root | INFO]: Arguments: ()
[2025-07-15 13:15:27,135 | root | INFO]: Keyword arguments: {}
[2025-07-15 13:15:27,135 | root | INFO]: Target function is running

[2025-07-15 13:15:30,142 | root | INFO]: Running target function target
[2025-07-15 13:15:30,142 | root | INFO]: Arguments: ()
[2025-07-15 13:15:30,142 | root | INFO]: Keyword arguments: {}
[2025-07-15 13:15:30,142 | root | INFO]: Target function is running

[2025-07-15 13:15:33,157 | root | INFO]: Running target function target
[2025-07-15 13:15:33,158 | root | INFO]: Arguments: ()
[2025-07-15 13:15:33,158 | root | INFO]: Keyword arguments: {}
[2025-07-15 13:15:33,158 | root | INFO]: Target function is running

[2025-07-15 13:15:36,169 | root | INFO]: Running target function target
[2025-07-15 13:15:36,170 | root | INFO]: Arguments: ()
[2025-07-15 13:15:36,170 | root | INFO]: Keyword arguments: {}
[2025-07-15 13:15:36,170 | root | INFO]: Target function is running

[2025-07-15 13:15:39,181 | root | INFO]: Running target function target
[2025-07-15 13:15:39,181 | root | INFO]: Arguments: ()
[2025-07-15 13:15:39,182 | root | INFO]: Keyword arguments: {}
[2025-07-15 13:15:39,182 | root | INFO]: Target function is running

[2025-07-15 13:15:42,196 | root | INFO]: Running target function target
[2025-07-15 13:15:42,197 | root | INFO]: Arguments: ()
[2025-07-15 13:15:42,197 | root | INFO]: Keyword arguments: {}
[2025-07-15 13:15:42,198 | root | INFO]: Target function is running

[2025-07-15 13:15:45,201 | root | INFO]: Running target function target
[2025-07-15 13:15:45,201 | root | INFO]: Arguments: ()
[2025-07-15 13:15:45,201 | root | INFO]: Keyword arguments: {}
[2025-07-15 13:15:45,201 | root | INFO]: Target function is running

[2025-07-15 13:15:48,211 | root | INFO]: Running target function target
[2025-07-15 13:15:48,212 | root | INFO]: Arguments: ()
[2025-07-15 13:15:48,212 | root | INFO]: Keyword arguments: {}
[2025-07-15 13:15:48,212 | root | INFO]: Target function is running

[2025-07-15 13:15:51,213 | root | INFO]: Running target function target
[2025-07-15 13:15:51,213 | root | INFO]: Arguments: ()
[2025-07-15 13:15:51,213 | root | INFO]: Keyword arguments: {}
[2025-07-15 13:15:51,213 | root | INFO]: Target function is running

[2025-07-15 13:15:54,222 | root | INFO]: Running target function target
[2025-07-15 13:15:54,223 | root | INFO]: Arguments: ()
[2025-07-15 13:15:54,223 | root | INFO]: Keyword arguments: {}
[2025-07-15 13:15:54,224 | root | INFO]: Target function is running

[2025-07-15 13:15:57,236 | root | INFO]: Running target function target
[2025-07-15 13:15:57,236 | root | INFO]: Arguments: ()
[2025-07-15 13:15:57,236 | root | INFO]: Keyword arguments: {}
[2025-07-15 13:15:57,238 | root | INFO]: Target function is running

[2025-07-15 13:16:00,244 | root | INFO]: Running target function target
[2025-07-15 13:16:00,244 | root | INFO]: Arguments: ()
[2025-07-15 13:16:00,245 | root | INFO]: Keyword arguments: {}
[2025-07-15 13:16:00,245 | root | INFO]: Target function is running

[2025-07-15 13:16:03,257 | root | INFO]: Running target function target
[2025-07-15 13:16:03,257 | root | INFO]: Arguments: ()
[2025-07-15 13:16:03,257 | root | INFO]: Keyword arguments: {}
[2025-07-15 13:16:03,257 | root | INFO]: Target function is running

[2025-07-15 13:16:06,264 | root | INFO]: Running target function target
[2025-07-15 13:16:06,265 | root | INFO]: Arguments: ()
[2025-07-15 13:16:06,265 | root | INFO]: Keyword arguments: {}
[2025-07-15 13:16:06,266 | root | INFO]: Target function is running

[2025-07-15 13:16:09,281 | root | INFO]: Running target function target
[2025-07-15 13:16:09,281 | root | INFO]: Arguments: ()
[2025-07-15 13:16:09,281 | root | INFO]: Keyword arguments: {}
[2025-07-15 13:16:09,282 | root | INFO]: Target function is running

[2025-07-15 13:16:12,299 | root | INFO]: Running target function target
[2025-07-15 13:16:12,299 | root | INFO]: Arguments: ()
[2025-07-15 13:16:12,299 | root | INFO]: Keyword arguments: {}
[2025-07-15 13:16:12,301 | root | INFO]: Target function is running

[2025-07-15 13:16:15,315 | root | INFO]: Running target function target
[2025-07-15 13:16:15,316 | root | INFO]: Arguments: ()
[2025-07-15 13:16:15,316 | root | INFO]: Keyword arguments: {}
[2025-07-15 13:16:15,316 | root | INFO]: Target function is running

[2025-07-15 13:16:18,324 | root | INFO]: Running target function target
[2025-07-15 13:16:18,324 | root | INFO]: Arguments: ()
[2025-07-15 13:16:18,324 | root | INFO]: Keyword arguments: {}
[2025-07-15 13:16:18,324 | root | INFO]: Target function is running

[2025-07-15 13:16:21,341 | root | INFO]: Running target function target
[2025-07-15 13:16:21,341 | root | INFO]: Arguments: ()
[2025-07-15 13:16:21,342 | root | INFO]: Keyword arguments: {}
[2025-07-15 13:16:21,344 | root | INFO]: Target function is running

[2025-07-15 13:16:24,359 | root | INFO]: Running target function target
[2025-07-15 13:16:24,359 | root | INFO]: Arguments: ()
[2025-07-15 13:16:24,359 | root | INFO]: Keyword arguments: {}
[2025-07-15 13:16:24,361 | root | INFO]: Target function is running

[2025-07-15 13:16:27,370 | root | INFO]: Running target function target
[2025-07-15 13:16:27,370 | root | INFO]: Arguments: ()
[2025-07-15 13:16:27,370 | root | INFO]: Keyword arguments: {}
[2025-07-15 13:16:27,370 | root | INFO]: Target function is running

[2025-07-15 13:16:30,388 | root | INFO]: Running target function target
[2025-07-15 13:16:30,388 | root | INFO]: Arguments: ()
[2025-07-15 13:16:30,388 | root | INFO]: Keyword arguments: {}
[2025-07-15 13:16:30,388 | root | INFO]: Target function is running

[2025-07-15 13:16:33,400 | root | INFO]: Running target function target
[2025-07-15 13:16:33,401 | root | INFO]: Arguments: ()
[2025-07-15 13:16:33,401 | root | INFO]: Keyword arguments: {}
[2025-07-15 13:16:33,403 | root | INFO]: Target function is running

[2025-07-15 13:16:36,414 | root | INFO]: Running target function target
[2025-07-15 13:16:36,414 | root | INFO]: Arguments: ()
[2025-07-15 13:16:36,414 | root | INFO]: Keyword arguments: {}
[2025-07-15 13:16:36,415 | root | INFO]: Target function is running

[2025-07-15 13:16:39,428 | root | INFO]: Running target function target
[2025-07-15 13:16:39,428 | root | INFO]: Arguments: ()
[2025-07-15 13:16:39,428 | root | INFO]: Keyword arguments: {}
[2025-07-15 13:16:39,430 | root | INFO]: Target function is running

[2025-07-15 13:16:42,437 | root | INFO]: Running target function target
[2025-07-15 13:16:42,437 | root | INFO]: Arguments: ()
[2025-07-15 13:16:42,437 | root | INFO]: Keyword arguments: {}
[2025-07-15 13:16:42,438 | root | INFO]: Target function is running

[2025-07-15 13:16:45,455 | root | INFO]: Running target function target
[2025-07-15 13:16:45,456 | root | INFO]: Arguments: ()
[2025-07-15 13:16:45,456 | root | INFO]: Keyword arguments: {}
[2025-07-15 13:16:45,457 | root | INFO]: Target function is running

[2025-07-15 13:16:48,478 | root | INFO]: Running target function target
[2025-07-15 13:16:48,479 | root | INFO]: Arguments: ()
[2025-07-15 13:16:48,479 | root | INFO]: Keyword arguments: {}
[2025-07-15 13:16:48,479 | root | INFO]: Target function is running

[2025-07-15 13:16:51,497 | root | INFO]: Running target function target
[2025-07-15 13:16:51,497 | root | INFO]: Arguments: ()
[2025-07-15 13:16:51,497 | root | INFO]: Keyword arguments: {}
[2025-07-15 13:16:51,498 | root | INFO]: Target function is running

[2025-07-15 13:16:54,520 | root | INFO]: Running target function target
[2025-07-15 13:16:54,520 | root | INFO]: Arguments: ()
[2025-07-15 13:16:54,520 | root | INFO]: Keyword arguments: {}
[2025-07-15 13:16:54,520 | root | INFO]: Target function is running

[2025-07-15 13:16:57,524 | root | INFO]: Running target function target
[2025-07-15 13:16:57,524 | root | INFO]: Arguments: ()
[2025-07-15 13:16:57,524 | root | INFO]: Keyword arguments: {}
[2025-07-15 13:16:57,526 | root | INFO]: Target function is running

[2025-07-15 13:17:00,542 | root | INFO]: Running target function target
[2025-07-15 13:17:00,542 | root | INFO]: Arguments: ()
[2025-07-15 13:17:00,542 | root | INFO]: Keyword arguments: {}
[2025-07-15 13:17:00,543 | root | INFO]: Target function is running

[2025-07-15 13:17:03,556 | root | INFO]: Running target function target
[2025-07-15 13:17:03,556 | root | INFO]: Arguments: ()
[2025-07-15 13:17:03,556 | root | INFO]: Keyword arguments: {}
[2025-07-15 13:17:03,556 | root | INFO]: Target function is running

[2025-07-15 13:17:06,557 | root | INFO]: Running target function target
[2025-07-15 13:17:06,557 | root | INFO]: Arguments: ()
[2025-07-15 13:17:06,557 | root | INFO]: Keyword arguments: {}
[2025-07-15 13:17:06,559 | root | INFO]: Target function is running

[2025-07-15 13:17:09,567 | root | INFO]: Running target function target
[2025-07-15 13:17:09,567 | root | INFO]: Arguments: ()
[2025-07-15 13:17:09,567 | root | INFO]: Keyword arguments: {}
[2025-07-15 13:17:09,569 | root | INFO]: Target function is running

[2025-07-15 13:17:12,575 | root | INFO]: Running target function target
[2025-07-15 13:17:12,575 | root | INFO]: Arguments: ()
[2025-07-15 13:17:12,575 | root | INFO]: Keyword arguments: {}
[2025-07-15 13:17:12,577 | root | INFO]: Target function is running

[2025-07-15 13:17:15,581 | root | INFO]: Running target function target
[2025-07-15 13:17:15,582 | root | INFO]: Arguments: ()
[2025-07-15 13:17:15,582 | root | INFO]: Keyword arguments: {}
[2025-07-15 13:17:15,583 | root | INFO]: Target function is running

[2025-07-15 13:17:18,605 | root | INFO]: Running target function target
[2025-07-15 13:17:18,605 | root | INFO]: Arguments: ()
[2025-07-15 13:17:18,605 | root | INFO]: Keyword arguments: {}
[2025-07-15 13:17:18,608 | root | INFO]: Target function is running

[2025-07-15 13:17:21,629 | root | INFO]: Running target function target
[2025-07-15 13:17:21,629 | root | INFO]: Arguments: ()
[2025-07-15 13:17:21,629 | root | INFO]: Keyword arguments: {}
[2025-07-15 13:17:21,629 | root | INFO]: Target function is running

[2025-07-15 13:17:24,640 | root | INFO]: Running target function target
[2025-07-15 13:17:24,640 | root | INFO]: Arguments: ()
[2025-07-15 13:17:24,640 | root | INFO]: Keyword arguments: {}
[2025-07-15 13:17:24,641 | root | INFO]: Target function is running

[2025-07-15 13:17:27,646 | root | INFO]: Running target function target
[2025-07-15 13:17:27,647 | root | INFO]: Arguments: ()
[2025-07-15 13:17:27,647 | root | INFO]: Keyword arguments: {}
[2025-07-15 13:17:27,647 | root | INFO]: Target function is running

[2025-07-15 13:17:30,649 | root | INFO]: Running target function target
[2025-07-15 13:17:30,649 | root | INFO]: Arguments: ()
[2025-07-15 13:17:30,649 | root | INFO]: Keyword arguments: {}
[2025-07-15 13:17:30,650 | root | INFO]: Target function is running

[2025-07-15 13:17:33,661 | root | INFO]: Running target function target
[2025-07-15 13:17:33,661 | root | INFO]: Arguments: ()
[2025-07-15 13:17:33,661 | root | INFO]: Keyword arguments: {}
[2025-07-15 13:17:33,662 | root | INFO]: Target function is running

[2025-07-15 13:17:36,665 | root | INFO]: Running target function target
[2025-07-15 13:17:36,665 | root | INFO]: Arguments: ()
[2025-07-15 13:17:36,665 | root | INFO]: Keyword arguments: {}
[2025-07-15 13:17:36,666 | root | INFO]: Target function is running

[2025-07-15 13:17:39,669 | root | INFO]: Running target function target
[2025-07-15 13:17:39,669 | root | INFO]: Arguments: ()
[2025-07-15 13:17:39,669 | root | INFO]: Keyword arguments: {}
[2025-07-15 13:17:39,670 | root | INFO]: Target function is running

[2025-07-15 13:17:42,672 | root | INFO]: Running target function target
[2025-07-15 13:17:42,672 | root | INFO]: Arguments: ()
[2025-07-15 13:17:42,672 | root | INFO]: Keyword arguments: {}
[2025-07-15 13:17:42,672 | root | INFO]: Target function is running

[2025-07-15 13:17:45,675 | root | INFO]: Running target function target
[2025-07-15 13:17:45,675 | root | INFO]: Arguments: ()
[2025-07-15 13:17:45,675 | root | INFO]: Keyword arguments: {}
[2025-07-15 13:17:45,677 | root | INFO]: Target function is running

[2025-07-15 13:17:48,687 | root | INFO]: Running target function target
[2025-07-15 13:17:48,687 | root | INFO]: Arguments: ()
[2025-07-15 13:17:48,687 | root | INFO]: Keyword arguments: {}
[2025-07-15 13:17:48,688 | root | INFO]: Target function is running

[2025-07-15 13:17:51,698 | root | INFO]: Running target function target
[2025-07-15 13:17:51,698 | root | INFO]: Arguments: ()
[2025-07-15 13:17:51,699 | root | INFO]: Keyword arguments: {}
[2025-07-15 13:17:51,700 | root | INFO]: Target function is running

[2025-07-15 13:17:54,716 | root | INFO]: Running target function target
[2025-07-15 13:17:54,716 | root | INFO]: Arguments: ()
[2025-07-15 13:17:54,716 | root | INFO]: Keyword arguments: {}
[2025-07-15 13:17:54,716 | root | INFO]: Target function is running

[2025-07-15 13:17:57,724 | root | INFO]: Running target function target
[2025-07-15 13:17:57,724 | root | INFO]: Arguments: ()
[2025-07-15 13:17:57,724 | root | INFO]: Keyword arguments: {}
[2025-07-15 13:17:57,725 | root | INFO]: Target function is running

[2025-07-15 13:18:00,727 | root | INFO]: Running target function target
[2025-07-15 13:18:00,727 | root | INFO]: Arguments: ()
[2025-07-15 13:18:00,727 | root | INFO]: Keyword arguments: {}
[2025-07-15 13:18:00,727 | root | INFO]: Target function is running

[2025-07-15 13:18:03,739 | root | INFO]: Running target function target
[2025-07-15 13:18:03,739 | root | INFO]: Arguments: ()
[2025-07-15 13:18:03,739 | root | INFO]: Keyword arguments: {}
[2025-07-15 13:18:03,739 | root | INFO]: Target function is running

[2025-07-15 13:18:06,743 | root | INFO]: Running target function target
[2025-07-15 13:18:06,743 | root | INFO]: Arguments: ()
[2025-07-15 13:18:06,743 | root | INFO]: Keyword arguments: {}
[2025-07-15 13:18:06,745 | root | INFO]: Target function is running

[2025-07-15 13:18:09,760 | root | INFO]: Running target function target
[2025-07-15 13:18:09,761 | root | INFO]: Arguments: ()
[2025-07-15 13:18:09,761 | root | INFO]: Keyword arguments: {}
[2025-07-15 13:18:09,762 | root | INFO]: Target function is running

[2025-07-15 13:18:12,773 | root | INFO]: Running target function target
[2025-07-15 13:18:12,773 | root | INFO]: Arguments: ()
[2025-07-15 13:18:12,773 | root | INFO]: Keyword arguments: {}
[2025-07-15 13:18:12,773 | root | INFO]: Target function is running

[2025-07-15 13:18:15,794 | root | INFO]: Running target function target
[2025-07-15 13:18:15,795 | root | INFO]: Arguments: ()
[2025-07-15 13:18:15,795 | root | INFO]: Keyword arguments: {}
[2025-07-15 13:18:15,796 | root | INFO]: Target function is running

[2025-07-15 13:18:18,798 | root | INFO]: Running target function target
[2025-07-15 13:18:18,798 | root | INFO]: Arguments: ()
[2025-07-15 13:18:18,798 | root | INFO]: Keyword arguments: {}
[2025-07-15 13:18:18,798 | root | INFO]: Target function is running

[2025-07-15 13:18:21,800 | root | INFO]: Running target function target
[2025-07-15 13:18:21,800 | root | INFO]: Arguments: ()
[2025-07-15 13:18:21,800 | root | INFO]: Keyword arguments: {}
[2025-07-15 13:18:21,805 | root | INFO]: Target function is running

[2025-07-15 13:18:24,809 | root | INFO]: Running target function target
[2025-07-15 13:18:24,810 | root | INFO]: Arguments: ()
[2025-07-15 13:18:24,810 | root | INFO]: Keyword arguments: {}
[2025-07-15 13:18:24,812 | root | INFO]: Target function is running

[2025-07-15 13:18:27,820 | root | INFO]: Running target function target
[2025-07-15 13:18:27,820 | root | INFO]: Arguments: ()
[2025-07-15 13:18:27,820 | root | INFO]: Keyword arguments: {}
[2025-07-15 13:18:27,820 | root | INFO]: Target function is running

[2025-07-15 13:18:30,835 | root | INFO]: Running target function target
[2025-07-15 13:18:30,836 | root | INFO]: Arguments: ()
[2025-07-15 13:18:30,836 | root | INFO]: Keyword arguments: {}
[2025-07-15 13:18:30,837 | root | INFO]: Target function is running

[2025-07-15 13:18:33,853 | root | INFO]: Running target function target
[2025-07-15 13:18:33,853 | root | INFO]: Arguments: ()
[2025-07-15 13:18:33,853 | root | INFO]: Keyword arguments: {}
[2025-07-15 13:18:33,853 | root | INFO]: Target function is running

[2025-07-15 13:18:36,858 | root | INFO]: Running target function target
[2025-07-15 13:18:36,858 | root | INFO]: Arguments: ()
[2025-07-15 13:18:36,858 | root | INFO]: Keyword arguments: {}
[2025-07-15 13:18:36,858 | root | INFO]: Target function is running

[2025-07-15 13:18:39,859 | root | INFO]: Running target function target
[2025-07-15 13:18:39,859 | root | INFO]: Arguments: ()
[2025-07-15 13:18:39,859 | root | INFO]: Keyword arguments: {}
[2025-07-15 13:18:39,861 | root | INFO]: Target function is running

[2025-07-15 13:18:42,864 | root | INFO]: Running target function target
[2025-07-15 13:18:42,865 | root | INFO]: Arguments: ()
[2025-07-15 13:18:42,865 | root | INFO]: Keyword arguments: {}
[2025-07-15 13:18:42,867 | root | INFO]: Target function is running

[2025-07-15 13:18:45,874 | root | INFO]: Running target function target
[2025-07-15 13:18:45,874 | root | INFO]: Arguments: ()
[2025-07-15 13:18:45,874 | root | INFO]: Keyword arguments: {}
[2025-07-15 13:18:45,876 | root | INFO]: Target function is running

[2025-07-15 13:18:48,888 | root | INFO]: Running target function target
[2025-07-15 13:18:48,888 | root | INFO]: Arguments: ()
[2025-07-15 13:18:48,888 | root | INFO]: Keyword arguments: {}
[2025-07-15 13:18:48,890 | root | INFO]: Target function is running

[2025-07-15 13:18:51,899 | root | INFO]: Running target function target
[2025-07-15 13:18:51,899 | root | INFO]: Arguments: ()
[2025-07-15 13:18:51,899 | root | INFO]: Keyword arguments: {}
[2025-07-15 13:18:51,900 | root | INFO]: Target function is running

[2025-07-15 13:18:54,904 | root | INFO]: Running target function target
[2025-07-15 13:18:54,904 | root | INFO]: Arguments: ()
[2025-07-15 13:18:54,904 | root | INFO]: Keyword arguments: {}
[2025-07-15 13:18:54,906 | root | INFO]: Target function is running

[2025-07-15 13:18:57,918 | root | INFO]: Running target function target
[2025-07-15 13:18:57,918 | root | INFO]: Arguments: ()
[2025-07-15 13:18:57,918 | root | INFO]: Keyword arguments: {}
[2025-07-15 13:18:57,920 | root | INFO]: Target function is running

[2025-07-15 13:19:00,923 | root | INFO]: Running target function target
[2025-07-15 13:19:00,924 | root | INFO]: Arguments: ()
[2025-07-15 13:19:00,924 | root | INFO]: Keyword arguments: {}
[2025-07-15 13:19:00,924 | root | INFO]: Target function is running

[2025-07-15 13:19:03,951 | root | INFO]: Running target function target
[2025-07-15 13:19:03,951 | root | INFO]: Arguments: ()
[2025-07-15 13:19:03,951 | root | INFO]: Keyword arguments: {}
[2025-07-15 13:19:03,954 | root | INFO]: Target function is running

[2025-07-15 13:19:06,964 | root | INFO]: Running target function target
[2025-07-15 13:19:06,965 | root | INFO]: Arguments: ()
[2025-07-15 13:19:06,965 | root | INFO]: Keyword arguments: {}
[2025-07-15 13:19:06,965 | root | INFO]: Target function is running

[2025-07-15 13:19:09,970 | root | INFO]: Running target function target
[2025-07-15 13:19:09,970 | root | INFO]: Arguments: ()
[2025-07-15 13:19:09,970 | root | INFO]: Keyword arguments: {}
[2025-07-15 13:19:09,972 | root | INFO]: Target function is running

[2025-07-15 13:19:12,978 | root | INFO]: Running target function target
[2025-07-15 13:19:12,979 | root | INFO]: Arguments: ()
[2025-07-15 13:19:12,979 | root | INFO]: Keyword arguments: {}
[2025-07-15 13:19:12,980 | root | INFO]: Target function is running

[2025-07-15 13:19:15,997 | root | INFO]: Running target function target
[2025-07-15 13:19:15,998 | root | INFO]: Arguments: ()
[2025-07-15 13:19:15,998 | root | INFO]: Keyword arguments: {}
[2025-07-15 13:19:15,998 | root | INFO]: Target function is running

[2025-07-15 13:19:19,012 | root | INFO]: Running target function target
[2025-07-15 13:19:19,013 | root | INFO]: Arguments: ()
[2025-07-15 13:19:19,013 | root | INFO]: Keyword arguments: {}
[2025-07-15 13:19:19,015 | root | INFO]: Target function is running

[2025-07-15 13:19:22,023 | root | INFO]: Running target function target
[2025-07-15 13:19:22,024 | root | INFO]: Arguments: ()
[2025-07-15 13:19:22,024 | root | INFO]: Keyword arguments: {}
[2025-07-15 13:19:22,025 | root | INFO]: Target function is running

[2025-07-15 13:19:25,040 | root | INFO]: Running target function target
[2025-07-15 13:19:25,040 | root | INFO]: Arguments: ()
[2025-07-15 13:19:25,040 | root | INFO]: Keyword arguments: {}
[2025-07-15 13:19:25,042 | root | INFO]: Target function is running

[2025-07-15 13:19:28,056 | root | INFO]: Running target function target
[2025-07-15 13:19:28,056 | root | INFO]: Arguments: ()
[2025-07-15 13:19:28,056 | root | INFO]: Keyword arguments: {}
[2025-07-15 13:19:28,056 | root | INFO]: Target function is running

[2025-07-15 13:19:31,061 | root | INFO]: Running target function target
[2025-07-15 13:19:31,061 | root | INFO]: Arguments: ()
[2025-07-15 13:19:31,061 | root | INFO]: Keyword arguments: {}
[2025-07-15 13:19:31,061 | root | INFO]: Target function is running

[2025-07-15 13:19:34,080 | root | INFO]: Running target function target
[2025-07-15 13:19:34,080 | root | INFO]: Arguments: ()
[2025-07-15 13:19:34,080 | root | INFO]: Keyword arguments: {}
[2025-07-15 13:19:34,080 | root | INFO]: Target function is running

[2025-07-15 13:19:37,083 | root | INFO]: Running target function target
[2025-07-15 13:19:37,083 | root | INFO]: Arguments: ()
[2025-07-15 13:19:37,083 | root | INFO]: Keyword arguments: {}
[2025-07-15 13:19:37,083 | root | INFO]: Target function is running

[2025-07-15 13:19:40,089 | root | INFO]: Running target function target
[2025-07-15 13:19:40,089 | root | INFO]: Arguments: ()
[2025-07-15 13:19:40,090 | root | INFO]: Keyword arguments: {}
[2025-07-15 13:19:40,091 | root | INFO]: Target function is running

[2025-07-15 13:19:43,096 | root | INFO]: Running target function target
[2025-07-15 13:19:43,097 | root | INFO]: Arguments: ()
[2025-07-15 13:19:43,097 | root | INFO]: Keyword arguments: {}
[2025-07-15 13:19:43,099 | root | INFO]: Target function is running

[2025-07-15 13:19:46,114 | root | INFO]: Running target function target
[2025-07-15 13:19:46,115 | root | INFO]: Arguments: ()
[2025-07-15 13:19:46,115 | root | INFO]: Keyword arguments: {}
[2025-07-15 13:19:46,115 | root | INFO]: Target function is running

[2025-07-15 13:19:49,129 | root | INFO]: Running target function target
[2025-07-15 13:19:49,129 | root | INFO]: Arguments: ()
[2025-07-15 13:19:49,129 | root | INFO]: Keyword arguments: {}
[2025-07-15 13:19:49,131 | root | INFO]: Target function is running

[2025-07-15 13:19:52,147 | root | INFO]: Running target function target
[2025-07-15 13:19:52,148 | root | INFO]: Arguments: ()
[2025-07-15 13:19:52,148 | root | INFO]: Keyword arguments: {}
[2025-07-15 13:19:52,148 | root | INFO]: Target function is running

[2025-07-15 13:19:55,169 | root | INFO]: Running target function target
[2025-07-15 13:19:55,169 | root | INFO]: Arguments: ()
[2025-07-15 13:19:55,169 | root | INFO]: Keyword arguments: {}
[2025-07-15 13:19:55,171 | root | INFO]: Target function is running

[2025-07-15 13:19:58,175 | root | INFO]: Running target function target
[2025-07-15 13:19:58,175 | root | INFO]: Arguments: ()
[2025-07-15 13:19:58,175 | root | INFO]: Keyword arguments: {}
[2025-07-15 13:19:58,180 | root | INFO]: Target function is running

[2025-07-15 13:20:01,186 | root | INFO]: Running target function target
[2025-07-15 13:20:01,186 | root | INFO]: Arguments: ()
[2025-07-15 13:20:01,186 | root | INFO]: Keyword arguments: {}
[2025-07-15 13:20:01,186 | root | INFO]: Target function is running

[2025-07-15 13:20:04,192 | root | INFO]: Running target function target
[2025-07-15 13:20:04,192 | root | INFO]: Arguments: ()
[2025-07-15 13:20:04,192 | root | INFO]: Keyword arguments: {}
[2025-07-15 13:20:04,193 | root | INFO]: Target function is running

[2025-07-15 13:20:07,197 | root | INFO]: Running target function target
[2025-07-15 13:20:07,198 | root | INFO]: Arguments: ()
[2025-07-15 13:20:07,198 | root | INFO]: Keyword arguments: {}
[2025-07-15 13:20:07,198 | root | INFO]: Target function is running

[2025-07-15 13:20:10,203 | root | INFO]: Running target function target
[2025-07-15 13:20:10,203 | root | INFO]: Arguments: ()
[2025-07-15 13:20:10,203 | root | INFO]: Keyword arguments: {}
[2025-07-15 13:20:10,205 | root | INFO]: Target function is running

[2025-07-15 13:20:13,209 | root | INFO]: Running target function target
[2025-07-15 13:20:13,209 | root | INFO]: Arguments: ()
[2025-07-15 13:20:13,209 | root | INFO]: Keyword arguments: {}
[2025-07-15 13:20:13,209 | root | INFO]: Target function is running

[2025-07-15 13:20:16,213 | root | INFO]: Running target function target
[2025-07-15 13:20:16,214 | root | INFO]: Arguments: ()
[2025-07-15 13:20:16,214 | root | INFO]: Keyword arguments: {}
[2025-07-15 13:20:16,216 | root | INFO]: Target function is running

[2025-07-15 13:20:19,231 | root | INFO]: Running target function target
[2025-07-15 13:20:19,231 | root | INFO]: Arguments: ()
[2025-07-15 13:20:19,231 | root | INFO]: Keyword arguments: {}
[2025-07-15 13:20:19,234 | root | INFO]: Target function is running

[2025-07-15 13:20:22,247 | root | INFO]: Running target function target
[2025-07-15 13:20:22,247 | root | INFO]: Arguments: ()
[2025-07-15 13:20:22,248 | root | INFO]: Keyword arguments: {}
[2025-07-15 13:20:22,249 | root | INFO]: Target function is running

[2025-07-15 13:20:25,264 | root | INFO]: Running target function target
[2025-07-15 13:20:25,264 | root | INFO]: Arguments: ()
[2025-07-15 13:20:25,264 | root | INFO]: Keyword arguments: {}
[2025-07-15 13:20:25,264 | root | INFO]: Target function is running

[2025-07-15 13:20:28,269 | root | INFO]: Running target function target
[2025-07-15 13:20:28,269 | root | INFO]: Arguments: ()
[2025-07-15 13:20:28,269 | root | INFO]: Keyword arguments: {}
[2025-07-15 13:20:28,269 | root | INFO]: Target function is running

[2025-07-15 13:20:31,280 | root | INFO]: Running target function target
[2025-07-15 13:20:31,280 | root | INFO]: Arguments: ()
[2025-07-15 13:20:31,280 | root | INFO]: Keyword arguments: {}
[2025-07-15 13:20:31,280 | root | INFO]: Target function is running

[2025-07-15 13:20:34,293 | root | INFO]: Running target function target
[2025-07-15 13:20:34,293 | root | INFO]: Arguments: ()
[2025-07-15 13:20:34,293 | root | INFO]: Keyword arguments: {}
[2025-07-15 13:20:34,293 | root | INFO]: Target function is running

[2025-07-15 13:20:37,306 | root | INFO]: Running target function target
[2025-07-15 13:20:37,306 | root | INFO]: Arguments: ()
[2025-07-15 13:20:37,306 | root | INFO]: Keyword arguments: {}
[2025-07-15 13:20:37,306 | root | INFO]: Target function is running

[2025-07-15 13:20:40,312 | root | INFO]: Running target function target
[2025-07-15 13:20:40,312 | root | INFO]: Arguments: ()
[2025-07-15 13:20:40,312 | root | INFO]: Keyword arguments: {}
[2025-07-15 13:20:40,312 | root | INFO]: Target function is running

[2025-07-15 13:20:43,317 | root | INFO]: Running target function target
[2025-07-15 13:20:43,318 | root | INFO]: Arguments: ()
[2025-07-15 13:20:43,318 | root | INFO]: Keyword arguments: {}
[2025-07-15 13:20:43,319 | root | INFO]: Target function is running

[2025-07-15 13:20:46,338 | root | INFO]: Running target function target
[2025-07-15 13:20:46,338 | root | INFO]: Arguments: ()
[2025-07-15 13:20:46,338 | root | INFO]: Keyword arguments: {}
[2025-07-15 13:20:46,338 | root | INFO]: Target function is running

[2025-07-15 13:20:49,357 | root | INFO]: Running target function target
[2025-07-15 13:20:49,357 | root | INFO]: Arguments: ()
[2025-07-15 13:20:49,357 | root | INFO]: Keyword arguments: {}
[2025-07-15 13:20:49,359 | root | INFO]: Target function is running

[2025-07-15 13:20:52,363 | root | INFO]: Running target function target
[2025-07-15 13:20:52,363 | root | INFO]: Arguments: ()
[2025-07-15 13:20:52,363 | root | INFO]: Keyword arguments: {}
[2025-07-15 13:20:52,365 | root | INFO]: Target function is running

[2025-07-15 13:20:55,379 | root | INFO]: Running target function target
[2025-07-15 13:20:55,379 | root | INFO]: Arguments: ()
[2025-07-15 13:20:55,379 | root | INFO]: Keyword arguments: {}
[2025-07-15 13:20:55,379 | root | INFO]: Target function is running

[2025-07-15 13:20:58,393 | root | INFO]: Running target function target
[2025-07-15 13:20:58,393 | root | INFO]: Arguments: ()
[2025-07-15 13:20:58,394 | root | INFO]: Keyword arguments: {}
[2025-07-15 13:20:58,395 | root | INFO]: Target function is running

[2025-07-15 13:21:01,405 | root | INFO]: Running target function target
[2025-07-15 13:21:01,405 | root | INFO]: Arguments: ()
[2025-07-15 13:21:01,405 | root | INFO]: Keyword arguments: {}
[2025-07-15 13:21:01,405 | root | INFO]: Target function is running

[2025-07-15 13:21:04,419 | root | INFO]: Running target function target
[2025-07-15 13:21:04,420 | root | INFO]: Arguments: ()
[2025-07-15 13:21:04,420 | root | INFO]: Keyword arguments: {}
[2025-07-15 13:21:04,420 | root | INFO]: Target function is running

[2025-07-15 13:21:07,442 | root | INFO]: Running target function target
[2025-07-15 13:21:07,443 | root | INFO]: Arguments: ()
[2025-07-15 13:21:07,443 | root | INFO]: Keyword arguments: {}
[2025-07-15 13:21:07,445 | root | INFO]: Target function is running

[2025-07-15 13:21:10,465 | root | INFO]: Running target function target
[2025-07-15 13:21:10,465 | root | INFO]: Arguments: ()
[2025-07-15 13:21:10,465 | root | INFO]: Keyword arguments: {}
[2025-07-15 13:21:10,465 | root | INFO]: Target function is running

[2025-07-15 13:21:13,466 | root | INFO]: Running target function target
[2025-07-15 13:21:13,466 | root | INFO]: Arguments: ()
[2025-07-15 13:21:13,466 | root | INFO]: Keyword arguments: {}
[2025-07-15 13:21:13,466 | root | INFO]: Target function is running

[2025-07-15 13:21:16,476 | root | INFO]: Running target function target
[2025-07-15 13:21:16,476 | root | INFO]: Arguments: ()
[2025-07-15 13:21:16,476 | root | INFO]: Keyword arguments: {}
[2025-07-15 13:21:16,478 | root | INFO]: Target function is running

[2025-07-15 13:21:19,492 | root | INFO]: Running target function target
[2025-07-15 13:21:19,493 | root | INFO]: Arguments: ()
[2025-07-15 13:21:19,493 | root | INFO]: Keyword arguments: {}
[2025-07-15 13:21:19,496 | root | INFO]: Target function is running

[2025-07-15 13:21:22,498 | root | INFO]: Running target function target
[2025-07-15 13:21:22,498 | root | INFO]: Arguments: ()
[2025-07-15 13:21:22,498 | root | INFO]: Keyword arguments: {}
[2025-07-15 13:21:22,499 | root | INFO]: Target function is running

[2025-07-15 13:21:25,499 | root | INFO]: Running target function target
[2025-07-15 13:21:25,499 | root | INFO]: Arguments: ()
[2025-07-15 13:21:25,499 | root | INFO]: Keyword arguments: {}
[2025-07-15 13:21:25,499 | root | INFO]: Target function is running

[2025-07-15 13:21:28,505 | root | INFO]: Running target function target
[2025-07-15 13:21:28,505 | root | INFO]: Arguments: ()
[2025-07-15 13:21:28,505 | root | INFO]: Keyword arguments: {}
[2025-07-15 13:21:28,505 | root | INFO]: Target function is running

[2025-07-15 13:21:31,507 | root | INFO]: Running target function target
[2025-07-15 13:21:31,507 | root | INFO]: Arguments: ()
[2025-07-15 13:21:31,507 | root | INFO]: Keyword arguments: {}
[2025-07-15 13:21:31,507 | root | INFO]: Target function is running

[2025-07-15 13:21:34,521 | root | INFO]: Running target function target
[2025-07-15 13:21:34,522 | root | INFO]: Arguments: ()
[2025-07-15 13:21:34,522 | root | INFO]: Keyword arguments: {}
[2025-07-15 13:21:34,524 | root | INFO]: Target function is running

[2025-07-15 13:21:37,539 | root | INFO]: Running target function target
[2025-07-15 13:21:37,539 | root | INFO]: Arguments: ()
[2025-07-15 13:21:37,539 | root | INFO]: Keyword arguments: {}
[2025-07-15 13:21:37,542 | root | INFO]: Target function is running

[2025-07-15 13:21:40,549 | root | INFO]: Running target function target
[2025-07-15 13:21:40,549 | root | INFO]: Arguments: ()
[2025-07-15 13:21:40,549 | root | INFO]: Keyword arguments: {}
[2025-07-15 13:21:40,551 | root | INFO]: Target function is running

[2025-07-15 13:21:43,564 | root | INFO]: Running target function target
[2025-07-15 13:21:43,564 | root | INFO]: Arguments: ()
[2025-07-15 13:21:43,564 | root | INFO]: Keyword arguments: {}
[2025-07-15 13:21:43,566 | root | INFO]: Target function is running

[2025-07-15 13:21:46,573 | root | INFO]: Running target function target
[2025-07-15 13:21:46,574 | root | INFO]: Arguments: ()
[2025-07-15 13:21:46,574 | root | INFO]: Keyword arguments: {}
[2025-07-15 13:21:46,574 | root | INFO]: Target function is running

[2025-07-15 13:21:49,590 | root | INFO]: Running target function target
[2025-07-15 13:21:49,590 | root | INFO]: Arguments: ()
[2025-07-15 13:21:49,590 | root | INFO]: Keyword arguments: {}
[2025-07-15 13:21:49,590 | root | INFO]: Target function is running

[2025-07-15 13:21:52,602 | root | INFO]: Running target function target
[2025-07-15 13:21:52,603 | root | INFO]: Arguments: ()
[2025-07-15 13:21:52,603 | root | INFO]: Keyword arguments: {}
[2025-07-15 13:21:52,603 | root | INFO]: Target function is running

[2025-07-15 13:21:55,610 | root | INFO]: Running target function target
[2025-07-15 13:21:55,610 | root | INFO]: Arguments: ()
[2025-07-15 13:21:55,610 | root | INFO]: Keyword arguments: {}
[2025-07-15 13:21:55,612 | root | INFO]: Target function is running

[2025-07-15 13:21:58,615 | root | INFO]: Running target function target
[2025-07-15 13:21:58,615 | root | INFO]: Arguments: ()
[2025-07-15 13:21:58,615 | root | INFO]: Keyword arguments: {}
[2025-07-15 13:21:58,615 | root | INFO]: Target function is running

[2025-07-15 13:22:01,629 | root | INFO]: Running target function target
[2025-07-15 13:22:01,629 | root | INFO]: Arguments: ()
[2025-07-15 13:22:01,629 | root | INFO]: Keyword arguments: {}
[2025-07-15 13:22:01,629 | root | INFO]: Target function is running

[2025-07-15 13:22:04,642 | root | INFO]: Running target function target
[2025-07-15 13:22:04,642 | root | INFO]: Arguments: ()
[2025-07-15 13:22:04,642 | root | INFO]: Keyword arguments: {}
[2025-07-15 13:22:04,642 | root | INFO]: Target function is running

[2025-07-15 13:22:07,645 | root | INFO]: Running target function target
[2025-07-15 13:22:07,646 | root | INFO]: Arguments: ()
[2025-07-15 13:22:07,646 | root | INFO]: Keyword arguments: {}
[2025-07-15 13:22:07,648 | root | INFO]: Target function is running

[2025-07-15 13:22:10,663 | root | INFO]: Running target function target
[2025-07-15 13:22:10,664 | root | INFO]: Arguments: ()
[2025-07-15 13:22:10,665 | root | INFO]: Keyword arguments: {}
[2025-07-15 13:22:10,665 | root | INFO]: Target function is running

[2025-07-15 13:22:13,672 | root | INFO]: Running target function target
[2025-07-15 13:22:13,672 | root | INFO]: Arguments: ()
[2025-07-15 13:22:13,672 | root | INFO]: Keyword arguments: {}
[2025-07-15 13:22:13,672 | root | INFO]: Target function is running

[2025-07-15 13:22:16,675 | root | INFO]: Running target function target
[2025-07-15 13:22:16,675 | root | INFO]: Arguments: ()
[2025-07-15 13:22:16,675 | root | INFO]: Keyword arguments: {}
[2025-07-15 13:22:16,677 | root | INFO]: Target function is running

[2025-07-15 13:22:19,693 | root | INFO]: Running target function target
[2025-07-15 13:22:19,694 | root | INFO]: Arguments: ()
[2025-07-15 13:22:19,694 | root | INFO]: Keyword arguments: {}
[2025-07-15 13:22:19,696 | root | INFO]: Target function is running

[2025-07-15 13:22:22,704 | root | INFO]: Running target function target
[2025-07-15 13:22:22,704 | root | INFO]: Arguments: ()
[2025-07-15 13:22:22,704 | root | INFO]: Keyword arguments: {}
[2025-07-15 13:22:22,706 | root | INFO]: Target function is running

[2025-07-15 13:22:25,708 | root | INFO]: Running target function target
[2025-07-15 13:22:25,708 | root | INFO]: Arguments: ()
[2025-07-15 13:22:25,708 | root | INFO]: Keyword arguments: {}
[2025-07-15 13:22:25,708 | root | INFO]: Target function is running

[2025-07-15 13:22:28,713 | root | INFO]: Running target function target
[2025-07-15 13:22:28,714 | root | INFO]: Arguments: ()
[2025-07-15 13:22:28,714 | root | INFO]: Keyword arguments: {}
[2025-07-15 13:22:28,715 | root | INFO]: Target function is running

[2025-07-15 13:22:31,721 | root | INFO]: Running target function target
[2025-07-15 13:22:31,722 | root | INFO]: Arguments: ()
[2025-07-15 13:22:31,722 | root | INFO]: Keyword arguments: {}
[2025-07-15 13:22:31,722 | root | INFO]: Target function is running

[2025-07-15 13:22:34,736 | root | INFO]: Running target function target
[2025-07-15 13:22:34,737 | root | INFO]: Arguments: ()
[2025-07-15 13:22:34,737 | root | INFO]: Keyword arguments: {}
[2025-07-15 13:22:34,743 | root | INFO]: Target function is running

[2025-07-15 13:22:37,746 | root | INFO]: Running target function target
[2025-07-15 13:22:37,746 | root | INFO]: Arguments: ()
[2025-07-15 13:22:37,746 | root | INFO]: Keyword arguments: {}
[2025-07-15 13:22:37,746 | root | INFO]: Target function is running

[2025-07-15 13:22:40,752 | root | INFO]: Running target function target
[2025-07-15 13:22:40,753 | root | INFO]: Arguments: ()
[2025-07-15 13:22:40,753 | root | INFO]: Keyword arguments: {}
[2025-07-15 13:22:40,753 | root | INFO]: Target function is running

[2025-07-15 13:22:43,769 | root | INFO]: Running target function target
[2025-07-15 13:22:43,769 | root | INFO]: Arguments: ()
[2025-07-15 13:22:43,769 | root | INFO]: Keyword arguments: {}
[2025-07-15 13:22:43,769 | root | INFO]: Target function is running

[2025-07-15 13:22:46,778 | root | INFO]: Running target function target
[2025-07-15 13:22:46,779 | root | INFO]: Arguments: ()
[2025-07-15 13:22:46,779 | root | INFO]: Keyword arguments: {}
[2025-07-15 13:22:46,783 | root | INFO]: Target function is running

[2025-07-15 13:22:49,797 | root | INFO]: Running target function target
[2025-07-15 13:22:49,797 | root | INFO]: Arguments: ()
[2025-07-15 13:22:49,797 | root | INFO]: Keyword arguments: {}
[2025-07-15 13:22:49,799 | root | INFO]: Target function is running

[2025-07-15 13:22:52,801 | root | INFO]: Running target function target
[2025-07-15 13:22:52,802 | root | INFO]: Arguments: ()
[2025-07-15 13:22:52,802 | root | INFO]: Keyword arguments: {}
[2025-07-15 13:22:52,804 | root | INFO]: Target function is running

[2025-07-15 13:22:55,807 | root | INFO]: Running target function target
[2025-07-15 13:22:55,808 | root | INFO]: Arguments: ()
[2025-07-15 13:22:55,808 | root | INFO]: Keyword arguments: {}
[2025-07-15 13:22:55,811 | root | INFO]: Target function is running

[2025-07-15 13:22:58,814 | root | INFO]: Running target function target
[2025-07-15 13:22:58,814 | root | INFO]: Arguments: ()
[2025-07-15 13:22:58,814 | root | INFO]: Keyword arguments: {}
[2025-07-15 13:22:58,814 | root | INFO]: Target function is running

[2025-07-15 13:23:01,828 | root | INFO]: Running target function target
[2025-07-15 13:23:01,828 | root | INFO]: Arguments: ()
[2025-07-15 13:23:01,828 | root | INFO]: Keyword arguments: {}
[2025-07-15 13:23:01,829 | root | INFO]: Target function is running

[2025-07-15 13:23:04,836 | root | INFO]: Running target function target
[2025-07-15 13:23:04,836 | root | INFO]: Arguments: ()
[2025-07-15 13:23:04,836 | root | INFO]: Keyword arguments: {}
[2025-07-15 13:23:04,836 | root | INFO]: Target function is running

[2025-07-15 13:23:07,847 | root | INFO]: Running target function target
[2025-07-15 13:23:07,848 | root | INFO]: Arguments: ()
[2025-07-15 13:23:07,849 | root | INFO]: Keyword arguments: {}
[2025-07-15 13:23:07,850 | root | INFO]: Target function is running

[2025-07-15 13:23:10,856 | root | INFO]: Running target function target
[2025-07-15 13:23:10,857 | root | INFO]: Arguments: ()
[2025-07-15 13:23:10,857 | root | INFO]: Keyword arguments: {}
[2025-07-15 13:23:10,857 | root | INFO]: Target function is running

[2025-07-15 13:23:13,865 | root | INFO]: Running target function target
[2025-07-15 13:23:13,866 | root | INFO]: Arguments: ()
[2025-07-15 13:23:13,866 | root | INFO]: Keyword arguments: {}
[2025-07-15 13:23:13,868 | root | INFO]: Target function is running

[2025-07-15 13:23:16,883 | root | INFO]: Running target function target
[2025-07-15 13:23:16,883 | root | INFO]: Arguments: ()
[2025-07-15 13:23:16,883 | root | INFO]: Keyword arguments: {}
[2025-07-15 13:23:16,883 | root | INFO]: Target function is running

[2025-07-15 13:23:19,889 | root | INFO]: Running target function target
[2025-07-15 13:23:19,889 | root | INFO]: Arguments: ()
[2025-07-15 13:23:19,889 | root | INFO]: Keyword arguments: {}
[2025-07-15 13:23:19,891 | root | INFO]: Target function is running

[2025-07-15 13:23:22,892 | root | INFO]: Running target function target
[2025-07-15 13:23:22,892 | root | INFO]: Arguments: ()
[2025-07-15 13:23:22,892 | root | INFO]: Keyword arguments: {}
[2025-07-15 13:23:22,894 | root | INFO]: Target function is running

[2025-07-15 13:23:25,906 | root | INFO]: Running target function target
[2025-07-15 13:23:25,907 | root | INFO]: Arguments: ()
[2025-07-15 13:23:25,907 | root | INFO]: Keyword arguments: {}
[2025-07-15 13:23:25,910 | root | INFO]: Target function is running

[2025-07-15 13:23:28,921 | root | INFO]: Running target function target
[2025-07-15 13:23:28,921 | root | INFO]: Arguments: ()
[2025-07-15 13:23:28,921 | root | INFO]: Keyword arguments: {}
[2025-07-15 13:23:28,921 | root | INFO]: Target function is running

[2025-07-15 13:23:31,940 | root | INFO]: Running target function target
[2025-07-15 13:23:31,941 | root | INFO]: Arguments: ()
[2025-07-15 13:23:31,941 | root | INFO]: Keyword arguments: {}
[2025-07-15 13:23:31,942 | root | INFO]: Target function is running

[2025-07-15 13:23:34,943 | root | INFO]: Running target function target
[2025-07-15 13:23:34,943 | root | INFO]: Arguments: ()
[2025-07-15 13:23:34,943 | root | INFO]: Keyword arguments: {}
[2025-07-15 13:23:34,943 | root | INFO]: Target function is running

[2025-07-15 13:23:37,959 | root | INFO]: Running target function target
[2025-07-15 13:23:37,959 | root | INFO]: Arguments: ()
[2025-07-15 13:23:37,959 | root | INFO]: Keyword arguments: {}
[2025-07-15 13:23:37,961 | root | INFO]: Target function is running

[2025-07-15 13:23:40,967 | root | INFO]: Running target function target
[2025-07-15 13:23:40,967 | root | INFO]: Arguments: ()
[2025-07-15 13:23:40,967 | root | INFO]: Keyword arguments: {}
[2025-07-15 13:23:40,969 | root | INFO]: Target function is running

[2025-07-15 13:23:43,978 | root | INFO]: Running target function target
[2025-07-15 13:23:43,979 | root | INFO]: Arguments: ()
[2025-07-15 13:23:43,979 | root | INFO]: Keyword arguments: {}
[2025-07-15 13:23:43,980 | root | INFO]: Target function is running

[2025-07-15 13:23:46,990 | root | INFO]: Running target function target
[2025-07-15 13:23:46,990 | root | INFO]: Arguments: ()
[2025-07-15 13:23:46,990 | root | INFO]: Keyword arguments: {}
[2025-07-15 13:23:46,992 | root | INFO]: Target function is running

[2025-07-15 13:23:50,005 | root | INFO]: Running target function target
[2025-07-15 13:23:50,005 | root | INFO]: Arguments: ()
[2025-07-15 13:23:50,006 | root | INFO]: Keyword arguments: {}
[2025-07-15 13:23:50,006 | root | INFO]: Target function is running

[2025-07-15 13:23:53,020 | root | INFO]: Running target function target
[2025-07-15 13:23:53,020 | root | INFO]: Arguments: ()
[2025-07-15 13:23:53,020 | root | INFO]: Keyword arguments: {}
[2025-07-15 13:23:53,021 | root | INFO]: Target function is running

[2025-07-15 13:23:56,033 | root | INFO]: Running target function target
[2025-07-15 13:23:56,033 | root | INFO]: Arguments: ()
[2025-07-15 13:23:56,033 | root | INFO]: Keyword arguments: {}
[2025-07-15 13:23:56,035 | root | INFO]: Target function is running

[2025-07-15 13:23:59,040 | root | INFO]: Running target function target
[2025-07-15 13:23:59,040 | root | INFO]: Arguments: ()
[2025-07-15 13:23:59,040 | root | INFO]: Keyword arguments: {}
[2025-07-15 13:23:59,044 | root | INFO]: Target function is running

[2025-07-15 13:24:02,056 | root | INFO]: Running target function target
[2025-07-15 13:24:02,056 | root | INFO]: Arguments: ()
[2025-07-15 13:24:02,056 | root | INFO]: Keyword arguments: {}
[2025-07-15 13:24:02,058 | root | INFO]: Target function is running

[2025-07-15 13:24:05,070 | root | INFO]: Running target function target
[2025-07-15 13:24:05,071 | root | INFO]: Arguments: ()
[2025-07-15 13:24:05,071 | root | INFO]: Keyword arguments: {}
[2025-07-15 13:24:05,074 | root | INFO]: Target function is running

[2025-07-15 13:24:05,662 | root | INFO]: Connection from ('127.0.0.1', 64000)
[2025-07-15 13:24:05,662 | root | INFO]: Received command: ping
[2025-07-15 13:24:08,671 | root | INFO]: Running target function target
[2025-07-15 13:24:08,671 | root | INFO]: Arguments: ()
[2025-07-15 13:24:08,671 | root | INFO]: Keyword arguments: {}
[2025-07-15 13:24:08,671 | root | INFO]: Target function is running

[2025-07-15 13:24:09,565 | root | INFO]: Connection from ('127.0.0.1', 64006)
[2025-07-15 13:24:09,565 | root | INFO]: Received command: ping
[2025-07-15 13:24:12,567 | root | INFO]: Running target function target
[2025-07-15 13:24:12,567 | root | INFO]: Arguments: ()
[2025-07-15 13:24:12,568 | root | INFO]: Keyword arguments: {}
[2025-07-15 13:24:12,568 | root | INFO]: Target function is running

[2025-07-15 13:24:14,823 | root | INFO]: Connection from ('127.0.0.1', 64008)
[2025-07-15 13:24:14,823 | root | INFO]: Received command: stop
[2025-07-15 13:24:14,823 | root | INFO]: Stopping daemon
