[2025-07-09 16:22:47,503 | INFO]: Configuring FichaBot...
[2025-07-09 16:22:47,506 | INFO]: User configuration for plalandelg loaded successfully.
[2025-07-09 16:22:47,506 | INFO]: Email: plalandelg@gmail.com
[2025-07-09 16:22:47,506 | INFO]: 
{
    "username": "plalandelg",
    "email": "plalandelg@gmail.com",
    "exceptions": [
        "21/07/2025",
        "22/07/2025",
        "23/07/2025",
        "24/07/2025",
        "25/07/2025",
        "26/07/2025",
        "27/07/2025",
        "28/07/2025",
        "01/08/2025",
        "02/08/2025",
        "03/08/2025",
        "04/08/2025",
        "05/08/2025",
        "06/08/2025",
        "07/08/2025",
        "08/08/2025",
        "09/08/2025",
        "10/08/2025"
    ],
    "timetable": [
        1,
        2,
        3,
        4,
        5
    ]
}
[2025-07-09 16:22:47,506 | INFO]: User configuration updated successfully.
